  [1m[35m (8.6ms)[0m  [1m[35mCREATE TABLE "schema_migrations" ("version" character varying NOT NULL PRIMARY KEY)[0m
  [1m[35m (6.7ms)[0m  [1m[35mCREATE TABLE "ar_internal_metadata" ("key" character varying NOT NULL PRIMARY KEY, "value" character varying, "created_at" timestamp NOT NULL, "updated_at" timestamp NOT NULL)[0m
  [1m[35m (0.4ms)[0m  [1m[34mSELECT pg_try_advisory_lock(3622324444788248325)[0m
  [1m[35m (0.7ms)[0m  [1m[34mSELECT "schema_migrations"."version" FROM "schema_migrations" ORDER BY "schema_migrations"."version" ASC[0m
Migrating to CreateItems (20180314165325)
  [1m[35m (0.2ms)[0m  [1m[35mBEGIN[0m
  [1m[35m (6.5ms)[0m  [1m[35mCREATE TABLE "items" ("id" bigserial primary key, "serial_number" character varying, "description" character varying, "supplier" character varying, "status" character varying, "lender" character varying, "created_at" timestamp NOT NULL, "updated_at" timestamp NOT NULL)[0m
  [1m[35mSQL (0.6ms)[0m  [1m[32mINSERT INTO "schema_migrations" ("version") VALUES ($1) RETURNING "version"[0m  [["version", "20180314165325"]]
  [1m[35m (1.3ms)[0m  [1m[35mCOMMIT[0m
  [1m[36mActiveRecord::InternalMetadata Load (0.4ms)[0m  [1m[34mSELECT  "ar_internal_metadata".* FROM "ar_internal_metadata" WHERE "ar_internal_metadata"."key" = $1 LIMIT $2[0m  [["key", "environment"], ["LIMIT", 1]]
  [1m[35m (0.2ms)[0m  [1m[35mBEGIN[0m
  [1m[35mSQL (0.5ms)[0m  [1m[32mINSERT INTO "ar_internal_metadata" ("key", "value", "created_at", "updated_at") VALUES ($1, $2, $3, $4) RETURNING "key"[0m  [["key", "environment"], ["value", "development"], ["created_at", "2018-03-14 16:53:59.728387"], ["updated_at", "2018-03-14 16:53:59.728387"]]
  [1m[35m (1.3ms)[0m  [1m[35mCOMMIT[0m
  [1m[35m (0.3ms)[0m  [1m[34mSELECT pg_advisory_unlock(3622324444788248325)[0m
  [1m[35m (0.4ms)[0m  [1m[34mSELECT "schema_migrations"."version" FROM "schema_migrations" ORDER BY "schema_migrations"."version" ASC[0m
Started GET "/" for 127.0.0.1 at 2018-03-14 16:56:01 +0000
  [1m[35m (0.9ms)[0m  [1m[34mSELECT "schema_migrations"."version" FROM "schema_migrations" ORDER BY "schema_migrations"."version" ASC[0m
Processing by ItemsController#index as HTML
  Rendering items/index.html.erb within layouts/application
  Rendered items/index.html.erb within layouts/application (1.2ms)
Completed 200 OK in 597ms (Views: 589.9ms | ActiveRecord: 0.0ms)


Started GET "/" for 127.0.0.1 at 2018-03-14 18:57:59 +0000
  [1m[35m (2.6ms)[0m  [1m[34mSELECT "schema_migrations"."version" FROM "schema_migrations" ORDER BY "schema_migrations"."version" ASC[0m
Processing by ItemsController#index as HTML
  Rendering items/index.html.erb within layouts/application
  Rendered items/index.html.erb within layouts/application (0.9ms)
Completed 200 OK in 261ms (Views: 250.6ms | ActiveRecord: 0.0ms)


Started GET "/items/new" for 127.0.0.1 at 2018-03-14 18:58:13 +0000
Processing by ItemsController#new as HTML
  Rendering items/new.html.erb within layouts/application
  Rendered items/_form.html.erb (133.7ms)
  Rendered items/new.html.erb within layouts/application (136.3ms)
Completed 500 Internal Server Error in 182ms (ActiveRecord: 18.4ms)


  
ActionView::Template::Error (undefined method `items_path' for #<#<Class:0x007fe049610a18>:0x007fe04d2181c8>
Did you mean?  items_new_path):
    1: <%= form_for(@item) do |f|%>
    2: 	<p>
    3: 		<%= f.label :serial_number%><br>
    4: 		<%= f.text_field :serial_number%><br>
  
app/views/items/_form.html.erb:1:in `_app_views_items__form_html_erb___689762022686797105_70300616514260'
app/views/items/new.html.erb:3:in `_app_views_items_new_html_erb__2154042072863053081_70300653341360'
app/controllers/items_controller.rb:9:in `new'
Started GET "/items/new" for 127.0.0.1 at 2018-03-14 18:59:39 +0000
Processing by ItemsController#new as HTML
  Rendering items/new.html.erb within layouts/application
  Rendered items/_form.html.erb (17.1ms)
  Rendered items/new.html.erb within layouts/application (291.8ms)
Completed 500 Internal Server Error in 322ms (ActiveRecord: 8.3ms)


  
ActionView::Template::Error (undefined local variable or method `employees_path' for #<#<Class:0x007fe0469075f8>:0x007fe0469059b0>):
    1: <h1>Create a New Item</h1>
    2: 
    3: <%= render 'form', item: @item%>
    4: <%= link_to 'Back', employees_path %>
  
app/views/items/new.html.erb:4:in `_app_views_items_new_html_erb__2154042072863053081_70300616631040'
app/controllers/items_controller.rb:9:in `new'
Started GET "/items/new" for 127.0.0.1 at 2018-03-14 19:00:09 +0000
Processing by ItemsController#new as HTML
  Rendering items/new.html.erb within layouts/application
  Rendered items/_form.html.erb (3.0ms)
  Rendered items/new.html.erb within layouts/application (5.6ms)
Completed 200 OK in 30ms (Views: 29.1ms | ActiveRecord: 0.0ms)


Started POST "/items" for 127.0.0.1 at 2018-03-14 19:01:04 +0000
  
AbstractController::ActionNotFound (The action 'create' could not be found for ItemsController):
  
actionpack (5.1.5) lib/abstract_controller/base.rb:119:in `process'
actionview (5.1.5) lib/action_view/rendering.rb:30:in `process'
actionpack (5.1.5) lib/action_controller/metal.rb:189:in `dispatch'
actionpack (5.1.5) lib/action_controller/metal.rb:253:in `dispatch'
actionpack (5.1.5) lib/action_dispatch/routing/route_set.rb:49:in `dispatch'
actionpack (5.1.5) lib/action_dispatch/routing/route_set.rb:31:in `serve'
actionpack (5.1.5) lib/action_dispatch/journey/router.rb:50:in `block in serve'
actionpack (5.1.5) lib/action_dispatch/journey/router.rb:33:in `each'
actionpack (5.1.5) lib/action_dispatch/journey/router.rb:33:in `serve'
actionpack (5.1.5) lib/action_dispatch/routing/route_set.rb:844:in `call'
rack (2.0.4) lib/rack/etag.rb:25:in `call'
rack (2.0.4) lib/rack/conditional_get.rb:38:in `call'
rack (2.0.4) lib/rack/head.rb:12:in `call'
rack (2.0.4) lib/rack/session/abstract/id.rb:232:in `context'
rack (2.0.4) lib/rack/session/abstract/id.rb:226:in `call'
actionpack (5.1.5) lib/action_dispatch/middleware/cookies.rb:613:in `call'
activerecord (5.1.5) lib/active_record/migration.rb:556:in `call'
actionpack (5.1.5) lib/action_dispatch/middleware/callbacks.rb:26:in `block in call'
activesupport (5.1.5) lib/active_support/callbacks.rb:97:in `run_callbacks'
actionpack (5.1.5) lib/action_dispatch/middleware/callbacks.rb:24:in `call'
actionpack (5.1.5) lib/action_dispatch/middleware/executor.rb:12:in `call'
actionpack (5.1.5) lib/action_dispatch/middleware/debug_exceptions.rb:59:in `call'
web-console (3.5.1) lib/web_console/middleware.rb:135:in `call_app'
web-console (3.5.1) lib/web_console/middleware.rb:28:in `block in call'
web-console (3.5.1) lib/web_console/middleware.rb:18:in `catch'
web-console (3.5.1) lib/web_console/middleware.rb:18:in `call'
actionpack (5.1.5) lib/action_dispatch/middleware/show_exceptions.rb:31:in `call'
railties (5.1.5) lib/rails/rack/logger.rb:36:in `call_app'
railties (5.1.5) lib/rails/rack/logger.rb:24:in `block in call'
activesupport (5.1.5) lib/active_support/tagged_logging.rb:69:in `block in tagged'
activesupport (5.1.5) lib/active_support/tagged_logging.rb:26:in `tagged'
activesupport (5.1.5) lib/active_support/tagged_logging.rb:69:in `tagged'
railties (5.1.5) lib/rails/rack/logger.rb:24:in `call'
sprockets-rails (3.2.1) lib/sprockets/rails/quiet_assets.rb:13:in `call'
actionpack (5.1.5) lib/action_dispatch/middleware/remote_ip.rb:79:in `call'
actionpack (5.1.5) lib/action_dispatch/middleware/request_id.rb:25:in `call'
rack (2.0.4) lib/rack/method_override.rb:22:in `call'
rack (2.0.4) lib/rack/runtime.rb:22:in `call'
activesupport (5.1.5) lib/active_support/cache/strategy/local_cache_middleware.rb:27:in `call'
actionpack (5.1.5) lib/action_dispatch/middleware/executor.rb:12:in `call'
actionpack (5.1.5) lib/action_dispatch/middleware/static.rb:125:in `call'
rack (2.0.4) lib/rack/sendfile.rb:111:in `call'
railties (5.1.5) lib/rails/engine.rb:522:in `call'
puma (3.11.3) lib/puma/configuration.rb:225:in `call'
puma (3.11.3) lib/puma/server.rb:624:in `handle_request'
puma (3.11.3) lib/puma/server.rb:438:in `process_client'
puma (3.11.3) lib/puma/server.rb:302:in `block in run'
puma (3.11.3) lib/puma/thread_pool.rb:120:in `block in spawn_thread'
Started GET "/items/new" for 127.0.0.1 at 2018-03-14 19:01:43 +0000
Processing by ItemsController#new as HTML
  Rendering items/new.html.erb within layouts/application
  Rendered items/_form.html.erb (3.3ms)
  Rendered items/new.html.erb within layouts/application (5.6ms)
Completed 200 OK in 31ms (Views: 21.5ms | ActiveRecord: 0.0ms)


Started POST "/items" for 127.0.0.1 at 2018-03-14 19:01:53 +0000
Processing by ItemsController#create as HTML
  Parameters: {"utf8"=>"✓", "authenticity_token"=>"uIXqzNEfnEL6Fir7sXdiwRBaPEeMfq5QxeZbKHDGNWwinii6tZdWskMMiGiX5trvZM9O6+0aYZDspumoHF23IA==", "item"=>{"serial_number"=>"1212", "description"=>"mouse", "supplier"=>"Apple", "status"=>"av", "lender"=>""}, "commit"=>"Create Item"}
  Rendering items/index.html.erb within layouts/application
  Rendered items/index.html.erb within layouts/application (0.4ms)
Completed 200 OK in 27ms (Views: 26.0ms | ActiveRecord: 0.0ms)


Started GET "/items" for 127.0.0.1 at 2018-03-14 19:11:52 +0000
Processing by ItemsController#index as HTML
  Rendering items/index.html.erb within layouts/application
  [1m[36mItem Load (1.9ms)[0m  [1m[34mSELECT "items".* FROM "items"[0m
  Rendered items/index.html.erb within layouts/application (3.9ms)
Completed 200 OK in 27ms (Views: 19.6ms | ActiveRecord: 1.9ms)


Started GET "/items/new" for 127.0.0.1 at 2018-03-14 19:11:59 +0000
Processing by ItemsController#new as HTML
  Rendering items/new.html.erb within layouts/application
  Rendered items/_form.html.erb (2.9ms)
  Rendered items/new.html.erb within layouts/application (5.4ms)
Completed 200 OK in 34ms (Views: 23.2ms | ActiveRecord: 3.7ms)


Started POST "/items" for 127.0.0.1 at 2018-03-14 19:12:07 +0000
Processing by ItemsController#create as HTML
  Parameters: {"utf8"=>"✓", "authenticity_token"=>"+kO3pbFLj3Fx9pC1vCrRsk3UgOYnXB8diKMhNIhS7YhgWHXT1cNFgcjsMiaau2mcOUHySkY40N2h45O05MlvxA==", "item"=>{"serial_number"=>"1234", "description"=>"compute", "supplier"=>"", "status"=>"", "lender"=>""}, "commit"=>"Create Item"}
  Rendering items/index.html.erb within layouts/application
  [1m[36mItem Load (0.3ms)[0m  [1m[34mSELECT "items".* FROM "items"[0m
  Rendered items/index.html.erb within layouts/application (2.5ms)
Completed 200 OK in 22ms (Views: 20.8ms | ActiveRecord: 0.3ms)


Started POST "/items" for 127.0.0.1 at 2018-03-14 19:12:22 +0000
Processing by ItemsController#create as HTML
  Parameters: {"utf8"=>"✓", "authenticity_token"=>"+kO3pbFLj3Fx9pC1vCrRsk3UgOYnXB8diKMhNIhS7YhgWHXT1cNFgcjsMiaau2mcOUHySkY40N2h45O05MlvxA==", "item"=>{"serial_number"=>"1234", "description"=>"computer", "supplier"=>"Apple", "status"=>"available", "lender"=>"-"}, "commit"=>"Create Item"}
  Rendering items/index.html.erb within layouts/application
  [1m[36mItem Load (0.6ms)[0m  [1m[34mSELECT "items".* FROM "items"[0m
  Rendered items/index.html.erb within layouts/application (2.0ms)
Completed 200 OK in 24ms (Views: 22.1ms | ActiveRecord: 0.6ms)


Started GET "/items/new" for 127.0.0.1 at 2018-03-14 19:14:36 +0000
  [1m[35m (1.8ms)[0m  [1m[34mSELECT "schema_migrations"."version" FROM "schema_migrations" ORDER BY "schema_migrations"."version" ASC[0m
  
SyntaxError (/Users/tech-a63/Engr7/week5/Day3/homework/Computer_Homework/Item_project/app/controllers/items_controller.rb:19: syntax error, unexpected keyword_end, expecting end-of-input):
  
app/controllers/items_controller.rb:19: syntax error, unexpected keyword_end, expecting end-of-input
Started GET "/items/new" for 127.0.0.1 at 2018-03-14 19:14:53 +0000
Processing by ItemsController#new as HTML
  Rendering items/new.html.erb within layouts/application
  Rendered items/_form.html.erb (17.1ms)
  Rendered items/new.html.erb within layouts/application (20.1ms)
Completed 200 OK in 227ms (Views: 204.1ms | ActiveRecord: 6.4ms)


Started POST "/items" for 127.0.0.1 at 2018-03-14 19:15:23 +0000
Processing by ItemsController#create as HTML
  Parameters: {"utf8"=>"✓", "authenticity_token"=>"9q6DiG88k7fFVmjJ9Lk4U2/p5c7v5XQNmyVZwrW+4vlstUH+C7RZR3xMylrSKIB9G3yXYo6Bu82yZetC2SVgtQ==", "item"=>{"serial_number"=>"12345", "description"=>"computer", "supplier"=>"Apple", "status"=>"available", "lender"=>"-"}, "commit"=>"Create Item"}
Completed 500 Internal Server Error in 161ms (ActiveRecord: 0.0ms)


  
NameError (undefined local variable or method `item_params' for #<ItemsController:0x007ff1e653c5c0>
Did you mean?  item_path):
  
app/controllers/items_controller.rb:14:in `create'
Started GET "/items/new" for 127.0.0.1 at 2018-03-14 19:17:59 +0000
Processing by ItemsController#new as HTML
  Rendering items/new.html.erb within layouts/application
  Rendered items/_form.html.erb (3.8ms)
  Rendered items/new.html.erb within layouts/application (6.7ms)
Completed 200 OK in 46ms (Views: 29.7ms | ActiveRecord: 0.0ms)


Started POST "/items" for 127.0.0.1 at 2018-03-14 19:18:20 +0000
Processing by ItemsController#create as HTML
  Parameters: {"utf8"=>"✓", "authenticity_token"=>"AWZ9mY4P3R0K/R/+R1UMtOr7f1MyAPRGxwtOXj7v/fybfb/v6ocX7bPnvW1hxLSanm4N/1NkO4buS/zeUnR/sA==", "item"=>{"serial_number"=>"12345", "description"=>"Computer", "supplier"=>"Apple", "status"=>"available", "lender"=>"-"}, "commit"=>"Create Item"}
  [1m[35m (0.3ms)[0m  [1m[35mBEGIN[0m
  [1m[35mSQL (3.0ms)[0m  [1m[32mINSERT INTO "items" ("serial_number", "description", "supplier", "status", "lender", "created_at", "updated_at") VALUES ($1, $2, $3, $4, $5, $6, $7) RETURNING "id"[0m  [["serial_number", "12345"], ["description", "Computer"], ["supplier", "Apple"], ["status", "available"], ["lender", "-"], ["created_at", "2018-03-14 19:18:20.402056"], ["updated_at", "2018-03-14 19:18:20.402056"]]
  [1m[35m (5.2ms)[0m  [1m[35mCOMMIT[0m
Redirected to http://localhost:3000/
Completed 302 Found in 16ms (ActiveRecord: 8.4ms)


Started GET "/" for 127.0.0.1 at 2018-03-14 19:18:20 +0000
Processing by ItemsController#index as HTML
  Rendering items/index.html.erb within layouts/application
  [1m[36mItem Load (0.6ms)[0m  [1m[34mSELECT "items".* FROM "items"[0m
  Rendered items/index.html.erb within layouts/application (3.9ms)
Completed 200 OK in 26ms (Views: 24.7ms | ActiveRecord: 0.6ms)


Started GET "/" for 127.0.0.1 at 2018-03-14 19:19:29 +0000
Processing by ItemsController#index as HTML
  Rendering items/index.html.erb within layouts/application
  [1m[36mItem Load (0.5ms)[0m  [1m[34mSELECT "items".* FROM "items"[0m
  Rendered items/index.html.erb within layouts/application (3.4ms)
Completed 200 OK in 36ms (Views: 34.7ms | ActiveRecord: 0.5ms)


Started GET "/items/1" for 127.0.0.1 at 2018-03-14 19:19:46 +0000
Processing by ItemsController#show as HTML
  Parameters: {"id"=>"1"}
  Rendering items/show.html.erb within layouts/application
  Rendered items/show.html.erb within layouts/application (0.3ms)
Completed 200 OK in 26ms (Views: 22.7ms | ActiveRecord: 0.0ms)


Started GET "/items/1" for 127.0.0.1 at 2018-03-14 19:23:56 +0000
Processing by ItemsController#show as HTML
  Parameters: {"id"=>"1"}
  Rendering items/show.html.erb within layouts/application
  [1m[36mItem Load (0.6ms)[0m  [1m[34mSELECT  "items".* FROM "items" LIMIT $1[0m  [["LIMIT", 11]]
  Rendered items/show.html.erb within layouts/application (27.1ms)
Completed 500 Internal Server Error in 40ms (ActiveRecord: 6.6ms)


  
ActionView::Template::Error (undefined method `serial_number' for #<Item::ActiveRecord_Relation:0x007ff1e63a1e90>):
    2: 
    3: <p>
    4: 	<strong>Serial Number: </strong>
    5: 	<%= @item.serial_number%>
    6: </p>
    7: 
    8: <p>
  
app/views/items/show.html.erb:5:in `_app_views_items_show_html_erb__1308082593634166652_70338463396600'
app/controllers/items_controller.rb:26:in `show'
Started GET "/items/1" for 127.0.0.1 at 2018-03-14 19:24:40 +0000
Processing by ItemsController#show as HTML
  Parameters: {"id"=>"1"}
  Rendering items/show.html.erb within layouts/application
  [1m[36mItem Load (0.4ms)[0m  [1m[34mSELECT  "items".* FROM "items" LIMIT $1[0m  [["LIMIT", 11]]
  Rendered items/show.html.erb within layouts/application (8.5ms)
Completed 500 Internal Server Error in 15ms (ActiveRecord: 0.4ms)


  
ActionView::Template::Error (undefined method `serial_number' for #<Item::ActiveRecord_Relation:0x007ff1e70a5ec0>):
    2: 
    3: <!-- <p>
    4: 	<strong>Serial Number: </strong>
    5: 	<%= @item.serial_number%>
    6: </p> -->
    7: 
    8: <p>
  
app/views/items/show.html.erb:5:in `_app_views_items_show_html_erb__1308082593634166652_70338470027840'
app/controllers/items_controller.rb:26:in `show'
Started GET "/" for 127.0.0.1 at 2018-03-14 19:25:00 +0000
Processing by ItemsController#index as HTML
  Rendering items/index.html.erb within layouts/application
  [1m[36mItem Load (0.5ms)[0m  [1m[34mSELECT "items".* FROM "items"[0m
  Rendered items/index.html.erb within layouts/application (3.3ms)
Completed 200 OK in 26ms (Views: 25.4ms | ActiveRecord: 0.5ms)


Started GET "/items/1" for 127.0.0.1 at 2018-03-14 19:25:04 +0000
Processing by ItemsController#show as HTML
  Parameters: {"id"=>"1"}
  Rendering items/show.html.erb within layouts/application
  [1m[36mItem Load (0.5ms)[0m  [1m[34mSELECT  "items".* FROM "items" LIMIT $1[0m  [["LIMIT", 11]]
  Rendered items/show.html.erb within layouts/application (10.3ms)
Completed 500 Internal Server Error in 23ms (ActiveRecord: 0.5ms)


  
ActionView::Template::Error (undefined method `serial_number' for #<Item::ActiveRecord_Relation:0x007ff1e3d2f5f0>):
    2: 
    3: <!-- <p>
    4: 	<strong>Serial Number: </strong>
    5: 	<%= @item.serial_number%>
    6: </p> -->
    7: 
    8: <p>
  
app/views/items/show.html.erb:5:in `_app_views_items_show_html_erb__1308082593634166652_70338443033440'
app/controllers/items_controller.rb:26:in `show'
Started GET "/items/1" for 127.0.0.1 at 2018-03-14 19:25:30 +0000
Processing by ItemsController#show as HTML
  Parameters: {"id"=>"1"}
  Rendering items/show.html.erb within layouts/application
  [1m[36mItem Load (0.4ms)[0m  [1m[34mSELECT  "items".* FROM "items" LIMIT $1[0m  [["LIMIT", 11]]
  Rendered items/show.html.erb within layouts/application (9.8ms)
Completed 500 Internal Server Error in 18ms (ActiveRecord: 0.4ms)


  
ActionView::Template::Error (undefined method `serial_number' for #<Item::ActiveRecord_Relation:0x007ff1e7a4e940>):
    2: 
    3: <!-- <p>
    4: 	<strong>Serial Number: </strong>
    5: 	<%= @item.serial_number%>
    6: </p> -->
    7: 
    8: <!-- <p>
  
app/views/items/show.html.erb:5:in `_app_views_items_show_html_erb__1308082593634166652_70338475091880'
app/controllers/items_controller.rb:26:in `show'
Started GET "/items/1" for 127.0.0.1 at 2018-03-14 19:26:24 +0000
Processing by ItemsController#show as HTML
  Parameters: {"id"=>"1"}
  [1m[36mItem Load (0.4ms)[0m  [1m[34mSELECT  "items".* FROM "items" WHERE "items"."id" = $1 LIMIT $2[0m  [["id", 1], ["LIMIT", 1]]
  Rendering items/show.html.erb within layouts/application
  Rendered items/show.html.erb within layouts/application (1.0ms)
Completed 200 OK in 36ms (Views: 18.8ms | ActiveRecord: 0.6ms)


Started GET "/items" for 127.0.0.1 at 2018-03-14 19:26:29 +0000
Processing by ItemsController#index as HTML
  Rendering items/index.html.erb within layouts/application
  [1m[36mItem Load (1.3ms)[0m  [1m[34mSELECT "items".* FROM "items"[0m
  Rendered items/index.html.erb within layouts/application (4.6ms)
Completed 200 OK in 29ms (Views: 26.4ms | ActiveRecord: 1.3ms)


Started GET "/items/1" for 127.0.0.1 at 2018-03-14 19:26:31 +0000
Processing by ItemsController#show as HTML
  Parameters: {"id"=>"1"}
  [1m[36mItem Load (0.9ms)[0m  [1m[34mSELECT  "items".* FROM "items" WHERE "items"."id" = $1 LIMIT $2[0m  [["id", 1], ["LIMIT", 1]]
  Rendering items/show.html.erb within layouts/application
  Rendered items/show.html.erb within layouts/application (1.7ms)
Completed 200 OK in 41ms (Views: 32.4ms | ActiveRecord: 0.9ms)


Started GET "/items/1/edit" for 127.0.0.1 at 2018-03-14 19:26:32 +0000
  
AbstractController::ActionNotFound (The action 'edit' could not be found for ItemsController):
  
actionpack (5.1.5) lib/abstract_controller/base.rb:119:in `process'
actionview (5.1.5) lib/action_view/rendering.rb:30:in `process'
actionpack (5.1.5) lib/action_controller/metal.rb:189:in `dispatch'
actionpack (5.1.5) lib/action_controller/metal.rb:253:in `dispatch'
actionpack (5.1.5) lib/action_dispatch/routing/route_set.rb:49:in `dispatch'
actionpack (5.1.5) lib/action_dispatch/routing/route_set.rb:31:in `serve'
actionpack (5.1.5) lib/action_dispatch/journey/router.rb:50:in `block in serve'
actionpack (5.1.5) lib/action_dispatch/journey/router.rb:33:in `each'
actionpack (5.1.5) lib/action_dispatch/journey/router.rb:33:in `serve'
actionpack (5.1.5) lib/action_dispatch/routing/route_set.rb:844:in `call'
rack (2.0.4) lib/rack/etag.rb:25:in `call'
rack (2.0.4) lib/rack/conditional_get.rb:25:in `call'
rack (2.0.4) lib/rack/head.rb:12:in `call'
rack (2.0.4) lib/rack/session/abstract/id.rb:232:in `context'
rack (2.0.4) lib/rack/session/abstract/id.rb:226:in `call'
actionpack (5.1.5) lib/action_dispatch/middleware/cookies.rb:613:in `call'
activerecord (5.1.5) lib/active_record/migration.rb:556:in `call'
actionpack (5.1.5) lib/action_dispatch/middleware/callbacks.rb:26:in `block in call'
activesupport (5.1.5) lib/active_support/callbacks.rb:97:in `run_callbacks'
actionpack (5.1.5) lib/action_dispatch/middleware/callbacks.rb:24:in `call'
actionpack (5.1.5) lib/action_dispatch/middleware/executor.rb:12:in `call'
actionpack (5.1.5) lib/action_dispatch/middleware/debug_exceptions.rb:59:in `call'
web-console (3.5.1) lib/web_console/middleware.rb:135:in `call_app'
web-console (3.5.1) lib/web_console/middleware.rb:28:in `block in call'
web-console (3.5.1) lib/web_console/middleware.rb:18:in `catch'
web-console (3.5.1) lib/web_console/middleware.rb:18:in `call'
actionpack (5.1.5) lib/action_dispatch/middleware/show_exceptions.rb:31:in `call'
railties (5.1.5) lib/rails/rack/logger.rb:36:in `call_app'
railties (5.1.5) lib/rails/rack/logger.rb:24:in `block in call'
activesupport (5.1.5) lib/active_support/tagged_logging.rb:69:in `block in tagged'
activesupport (5.1.5) lib/active_support/tagged_logging.rb:26:in `tagged'
activesupport (5.1.5) lib/active_support/tagged_logging.rb:69:in `tagged'
railties (5.1.5) lib/rails/rack/logger.rb:24:in `call'
sprockets-rails (3.2.1) lib/sprockets/rails/quiet_assets.rb:13:in `call'
actionpack (5.1.5) lib/action_dispatch/middleware/remote_ip.rb:79:in `call'
actionpack (5.1.5) lib/action_dispatch/middleware/request_id.rb:25:in `call'
rack (2.0.4) lib/rack/method_override.rb:22:in `call'
rack (2.0.4) lib/rack/runtime.rb:22:in `call'
activesupport (5.1.5) lib/active_support/cache/strategy/local_cache_middleware.rb:27:in `call'
actionpack (5.1.5) lib/action_dispatch/middleware/executor.rb:12:in `call'
actionpack (5.1.5) lib/action_dispatch/middleware/static.rb:125:in `call'
rack (2.0.4) lib/rack/sendfile.rb:111:in `call'
railties (5.1.5) lib/rails/engine.rb:522:in `call'
puma (3.11.3) lib/puma/configuration.rb:225:in `call'
puma (3.11.3) lib/puma/server.rb:624:in `handle_request'
puma (3.11.3) lib/puma/server.rb:438:in `process_client'
puma (3.11.3) lib/puma/server.rb:302:in `block in run'
puma (3.11.3) lib/puma/thread_pool.rb:120:in `block in spawn_thread'
Started GET "/items/1/edit" for 127.0.0.1 at 2018-03-14 19:28:53 +0000
  [1m[35m (1.0ms)[0m  [1m[34mSELECT "schema_migrations"."version" FROM "schema_migrations" ORDER BY "schema_migrations"."version" ASC[0m
Processing by ItemsController#edit as HTML
  Parameters: {"id"=>"1"}
  [1m[36mItem Load (0.6ms)[0m  [1m[34mSELECT  "items".* FROM "items" WHERE "items"."id" = $1 LIMIT $2[0m  [["id", 1], ["LIMIT", 1]]
  Rendering items/edit.html.erb within layouts/application
  Rendered items/edit.html.erb within layouts/application (0.9ms)
Completed 200 OK in 237ms (Views: 203.8ms | ActiveRecord: 8.6ms)


Started GET "/items/1/edit" for 127.0.0.1 at 2018-03-14 19:30:54 +0000
Processing by ItemsController#edit as HTML
  Parameters: {"id"=>"1"}
  [1m[36mItem Load (0.9ms)[0m  [1m[34mSELECT  "items".* FROM "items" WHERE "items"."id" = $1 LIMIT $2[0m  [["id", 1], ["LIMIT", 1]]
  Rendering items/edit.html.erb within layouts/application
  Rendered items/_form.html.erb (14.3ms)
  Rendered items/edit.html.erb within layouts/application (16.9ms)
Completed 200 OK in 54ms (Views: 32.4ms | ActiveRecord: 9.1ms)


Started PATCH "/items/1" for 127.0.0.1 at 2018-03-14 19:31:03 +0000
  
AbstractController::ActionNotFound (The action 'update' could not be found for ItemsController):
  
actionpack (5.1.5) lib/abstract_controller/base.rb:119:in `process'
actionview (5.1.5) lib/action_view/rendering.rb:30:in `process'
actionpack (5.1.5) lib/action_controller/metal.rb:189:in `dispatch'
actionpack (5.1.5) lib/action_controller/metal.rb:253:in `dispatch'
actionpack (5.1.5) lib/action_dispatch/routing/route_set.rb:49:in `dispatch'
actionpack (5.1.5) lib/action_dispatch/routing/route_set.rb:31:in `serve'
actionpack (5.1.5) lib/action_dispatch/journey/router.rb:50:in `block in serve'
actionpack (5.1.5) lib/action_dispatch/journey/router.rb:33:in `each'
actionpack (5.1.5) lib/action_dispatch/journey/router.rb:33:in `serve'
actionpack (5.1.5) lib/action_dispatch/routing/route_set.rb:844:in `call'
rack (2.0.4) lib/rack/etag.rb:25:in `call'
rack (2.0.4) lib/rack/conditional_get.rb:38:in `call'
rack (2.0.4) lib/rack/head.rb:12:in `call'
rack (2.0.4) lib/rack/session/abstract/id.rb:232:in `context'
rack (2.0.4) lib/rack/session/abstract/id.rb:226:in `call'
actionpack (5.1.5) lib/action_dispatch/middleware/cookies.rb:613:in `call'
activerecord (5.1.5) lib/active_record/migration.rb:556:in `call'
actionpack (5.1.5) lib/action_dispatch/middleware/callbacks.rb:26:in `block in call'
activesupport (5.1.5) lib/active_support/callbacks.rb:97:in `run_callbacks'
actionpack (5.1.5) lib/action_dispatch/middleware/callbacks.rb:24:in `call'
actionpack (5.1.5) lib/action_dispatch/middleware/executor.rb:12:in `call'
actionpack (5.1.5) lib/action_dispatch/middleware/debug_exceptions.rb:59:in `call'
web-console (3.5.1) lib/web_console/middleware.rb:135:in `call_app'
web-console (3.5.1) lib/web_console/middleware.rb:28:in `block in call'
web-console (3.5.1) lib/web_console/middleware.rb:18:in `catch'
web-console (3.5.1) lib/web_console/middleware.rb:18:in `call'
actionpack (5.1.5) lib/action_dispatch/middleware/show_exceptions.rb:31:in `call'
railties (5.1.5) lib/rails/rack/logger.rb:36:in `call_app'
railties (5.1.5) lib/rails/rack/logger.rb:24:in `block in call'
activesupport (5.1.5) lib/active_support/tagged_logging.rb:69:in `block in tagged'
activesupport (5.1.5) lib/active_support/tagged_logging.rb:26:in `tagged'
activesupport (5.1.5) lib/active_support/tagged_logging.rb:69:in `tagged'
railties (5.1.5) lib/rails/rack/logger.rb:24:in `call'
sprockets-rails (3.2.1) lib/sprockets/rails/quiet_assets.rb:13:in `call'
actionpack (5.1.5) lib/action_dispatch/middleware/remote_ip.rb:79:in `call'
actionpack (5.1.5) lib/action_dispatch/middleware/request_id.rb:25:in `call'
rack (2.0.4) lib/rack/method_override.rb:22:in `call'
rack (2.0.4) lib/rack/runtime.rb:22:in `call'
activesupport (5.1.5) lib/active_support/cache/strategy/local_cache_middleware.rb:27:in `call'
actionpack (5.1.5) lib/action_dispatch/middleware/executor.rb:12:in `call'
actionpack (5.1.5) lib/action_dispatch/middleware/static.rb:125:in `call'
rack (2.0.4) lib/rack/sendfile.rb:111:in `call'
railties (5.1.5) lib/rails/engine.rb:522:in `call'
puma (3.11.3) lib/puma/configuration.rb:225:in `call'
puma (3.11.3) lib/puma/server.rb:624:in `handle_request'
puma (3.11.3) lib/puma/server.rb:438:in `process_client'
puma (3.11.3) lib/puma/server.rb:302:in `block in run'
puma (3.11.3) lib/puma/thread_pool.rb:120:in `block in spawn_thread'
Started GET "/" for 127.0.0.1 at 2018-03-14 19:32:23 +0000
Processing by ItemsController#index as HTML
  Rendering items/index.html.erb within layouts/application
  [1m[36mItem Load (0.4ms)[0m  [1m[34mSELECT "items".* FROM "items"[0m
  Rendered items/index.html.erb within layouts/application (10.0ms)
Completed 200 OK in 33ms (Views: 28.9ms | ActiveRecord: 0.4ms)


Started GET "/items/1" for 127.0.0.1 at 2018-03-14 19:32:27 +0000
Processing by ItemsController#show as HTML
  Parameters: {"id"=>"1"}
  [1m[36mItem Load (0.6ms)[0m  [1m[34mSELECT  "items".* FROM "items" WHERE "items"."id" = $1 LIMIT $2[0m  [["id", 1], ["LIMIT", 1]]
  Rendering items/show.html.erb within layouts/application
  Rendered items/show.html.erb within layouts/application (0.9ms)
Completed 200 OK in 31ms (Views: 22.1ms | ActiveRecord: 1.0ms)


Started GET "/items" for 127.0.0.1 at 2018-03-14 19:32:29 +0000
Processing by ItemsController#index as HTML
  Rendering items/index.html.erb within layouts/application
  [1m[36mItem Load (0.7ms)[0m  [1m[34mSELECT "items".* FROM "items"[0m
  Rendered items/index.html.erb within layouts/application (6.9ms)
Completed 200 OK in 35ms (Views: 34.2ms | ActiveRecord: 0.7ms)


Started GET "/items/1/edit" for 127.0.0.1 at 2018-03-14 19:32:30 +0000
Processing by ItemsController#edit as HTML
  Parameters: {"id"=>"1"}
  [1m[36mItem Load (0.5ms)[0m  [1m[34mSELECT  "items".* FROM "items" WHERE "items"."id" = $1 LIMIT $2[0m  [["id", 1], ["LIMIT", 1]]
  Rendering items/edit.html.erb within layouts/application
  Rendered items/_form.html.erb (3.2ms)
  Rendered items/edit.html.erb within layouts/application (5.9ms)
Completed 200 OK in 38ms (Views: 30.3ms | ActiveRecord: 0.5ms)


Started PATCH "/items/1" for 127.0.0.1 at 2018-03-14 19:32:34 +0000
Processing by ItemsController#update as HTML
  Parameters: {"utf8"=>"✓", "authenticity_token"=>"cGCrZm/FLN+CoghUFvEVfj08Dm3b7pElVLxb81JhmkHkq53vq/NHem2Ak2teypIPLoHgpemt07SHFTs6kMcCKA==", "item"=>{"serial_number"=>"123456", "description"=>"Computer", "supplier"=>"Apple", "status"=>"available", "lender"=>"-"}, "commit"=>"Update Item", "id"=>"1"}
  [1m[36mItem Load (0.8ms)[0m  [1m[34mSELECT  "items".* FROM "items" WHERE "items"."id" = $1 LIMIT $2[0m  [["id", 1], ["LIMIT", 1]]
  [1m[35m (2.2ms)[0m  [1m[35mBEGIN[0m
  [1m[35mSQL (0.8ms)[0m  [1m[33mUPDATE "items" SET "serial_number" = $1, "updated_at" = $2 WHERE "items"."id" = $3[0m  [["serial_number", "123456"], ["updated_at", "2018-03-14 19:32:34.233235"], ["id", 1]]
  [1m[35m (6.6ms)[0m  [1m[35mCOMMIT[0m
No template found for ItemsController#update, rendering head :no_content
Completed 204 No Content in 114ms (ActiveRecord: 10.4ms)


Started GET "/items/1/edit" for 127.0.0.1 at 2018-03-14 19:32:45 +0000
Processing by ItemsController#edit as HTML
  Parameters: {"id"=>"1"}
  [1m[36mItem Load (0.5ms)[0m  [1m[34mSELECT  "items".* FROM "items" WHERE "items"."id" = $1 LIMIT $2[0m  [["id", 1], ["LIMIT", 1]]
  Rendering items/edit.html.erb within layouts/application
  Rendered items/_form.html.erb (3.4ms)
  Rendered items/edit.html.erb within layouts/application (6.4ms)
Completed 200 OK in 51ms (Views: 36.0ms | ActiveRecord: 0.5ms)


Started PATCH "/items/1" for 127.0.0.1 at 2018-03-14 19:32:47 +0000
Processing by ItemsController#update as HTML
  Parameters: {"utf8"=>"✓", "authenticity_token"=>"gI2/AVgDdNiryZbc1MHPxMclVhcidUhsVE9HB7EPiWwaln13PIu+KBLTNE/yUHfqs7Aku0MRh6x9D/WH3ZQLIA==", "item"=>{"serial_number"=>"123456", "description"=>"Computer", "supplier"=>"Apple", "status"=>"available", "lender"=>"-"}, "commit"=>"Update Item", "id"=>"1"}
  [1m[36mItem Load (2.7ms)[0m  [1m[34mSELECT  "items".* FROM "items" WHERE "items"."id" = $1 LIMIT $2[0m  [["id", 1], ["LIMIT", 1]]
  [1m[35m (0.2ms)[0m  [1m[35mBEGIN[0m
  [1m[35m (0.2ms)[0m  [1m[35mCOMMIT[0m
  Rendering items/show.html.erb within layouts/application
  Rendered items/show.html.erb within layouts/application (0.8ms)
Completed 200 OK in 27ms (Views: 19.4ms | ActiveRecord: 3.1ms)


Started GET "/items" for 127.0.0.1 at 2018-03-14 19:32:53 +0000
Processing by ItemsController#index as HTML
  Rendering items/index.html.erb within layouts/application
  [1m[36mItem Load (0.4ms)[0m  [1m[34mSELECT "items".* FROM "items"[0m
  Rendered items/index.html.erb within layouts/application (8.6ms)
Completed 200 OK in 30ms (Views: 28.5ms | ActiveRecord: 0.4ms)


Started GET "/items" for 127.0.0.1 at 2018-03-14 19:33:05 +0000
Processing by ItemsController#index as HTML
  Rendering items/index.html.erb within layouts/application
  [1m[36mItem Load (0.4ms)[0m  [1m[34mSELECT "items".* FROM "items"[0m
  Rendered items/index.html.erb within layouts/application (9.7ms)
Completed 200 OK in 34ms (Views: 27.8ms | ActiveRecord: 0.4ms)


Started GET "/" for 127.0.0.1 at 2018-03-14 19:33:09 +0000
Processing by ItemsController#index as HTML
  Rendering items/index.html.erb within layouts/application
  [1m[36mItem Load (0.4ms)[0m  [1m[34mSELECT "items".* FROM "items"[0m
  Rendered items/index.html.erb within layouts/application (2.8ms)
Completed 200 OK in 28ms (Views: 26.7ms | ActiveRecord: 0.4ms)


Started GET "/items/1" for 127.0.0.1 at 2018-03-14 19:33:12 +0000
Processing by ItemsController#show as HTML
  Parameters: {"id"=>"1"}
  [1m[36mItem Load (0.4ms)[0m  [1m[34mSELECT  "items".* FROM "items" WHERE "items"."id" = $1 LIMIT $2[0m  [["id", 1], ["LIMIT", 1]]
  Rendering items/show.html.erb within layouts/application
  Rendered items/show.html.erb within layouts/application (1.6ms)
Completed 200 OK in 29ms (Views: 21.4ms | ActiveRecord: 0.4ms)


Started GET "/items/1/edit" for 127.0.0.1 at 2018-03-14 19:33:13 +0000
Processing by ItemsController#edit as HTML
  Parameters: {"id"=>"1"}
  [1m[36mItem Load (0.5ms)[0m  [1m[34mSELECT  "items".* FROM "items" WHERE "items"."id" = $1 LIMIT $2[0m  [["id", 1], ["LIMIT", 1]]
  Rendering items/edit.html.erb within layouts/application
  Rendered items/_form.html.erb (3.0ms)
  Rendered items/edit.html.erb within layouts/application (5.8ms)
Completed 200 OK in 34ms (Views: 26.6ms | ActiveRecord: 0.5ms)


Started PATCH "/items/1" for 127.0.0.1 at 2018-03-14 19:33:17 +0000
Processing by ItemsController#update as HTML
  Parameters: {"utf8"=>"✓", "authenticity_token"=>"BelAPG5U5SQ873Bl6IJuyIMl1t93CLV+kh0We6UTlkKRIna1qmKOgdPN61qguem5kJg4F0VL9+9BtHayZ7UOKw==", "item"=>{"serial_number"=>"12345", "description"=>"Computer", "supplier"=>"Apple", "status"=>"available", "lender"=>"-"}, "commit"=>"Update Item", "id"=>"1"}
  [1m[36mItem Load (0.7ms)[0m  [1m[34mSELECT  "items".* FROM "items" WHERE "items"."id" = $1 LIMIT $2[0m  [["id", 1], ["LIMIT", 1]]
  [1m[35m (0.2ms)[0m  [1m[35mBEGIN[0m
  [1m[35mSQL (0.5ms)[0m  [1m[33mUPDATE "items" SET "serial_number" = $1, "updated_at" = $2 WHERE "items"."id" = $3[0m  [["serial_number", "12345"], ["updated_at", "2018-03-14 19:33:17.243080"], ["id", 1]]
  [1m[35m (5.8ms)[0m  [1m[35mCOMMIT[0m
  Rendering items/index.html.erb within layouts/application
  Rendered items/index.html.erb within layouts/application (6.6ms)
Completed 500 Internal Server Error in 26ms (ActiveRecord: 7.3ms)


  
ActionView::Template::Error (undefined method `each' for #<Item:0x007fb7c4150c10>):
    10: 	</thead>
    11: 	<tbody>
    12: 		<tr>
    13: 			<% @item.each do |item|%>
    14: 			<td><%= item.serial_number%></td>
    15: 			<td><%= item.description%></td>
    16: 			<td><%= item.supplier%></td>
  
app/views/items/index.html.erb:13:in `_app_views_items_index_html_erb___4374042194311902906_70213644274740'
app/controllers/items_controller.rb:35:in `update'
Started GET "/" for 127.0.0.1 at 2018-03-14 19:34:18 +0000
Processing by ItemsController#index as HTML
  Rendering items/index.html.erb within layouts/application
  [1m[36mItem Load (0.4ms)[0m  [1m[34mSELECT "items".* FROM "items"[0m
  Rendered items/index.html.erb within layouts/application (9.2ms)
Completed 200 OK in 31ms (Views: 27.2ms | ActiveRecord: 0.4ms)


Started GET "/items/1/edit" for 127.0.0.1 at 2018-03-14 19:34:20 +0000
Processing by ItemsController#edit as HTML
  Parameters: {"id"=>"1"}
  [1m[36mItem Load (0.6ms)[0m  [1m[34mSELECT  "items".* FROM "items" WHERE "items"."id" = $1 LIMIT $2[0m  [["id", 1], ["LIMIT", 1]]
  Rendering items/edit.html.erb within layouts/application
  Rendered items/_form.html.erb (3.5ms)
  Rendered items/edit.html.erb within layouts/application (6.2ms)
Completed 200 OK in 34ms (Views: 26.8ms | ActiveRecord: 0.6ms)


Started PATCH "/items/1" for 127.0.0.1 at 2018-03-14 19:34:24 +0000
Processing by ItemsController#update as HTML
  Parameters: {"utf8"=>"✓", "authenticity_token"=>"3E4ZrtNeTeetMV0o6aPl2L3tPWfS4xoX8zKzDUqwFKtIhS8nF2gmQkITxhehmGKprlDTr+CgWIYgm9PEiBaMwg==", "item"=>{"serial_number"=>"123456", "description"=>"Computer", "supplier"=>"Apple", "status"=>"available", "lender"=>"-"}, "commit"=>"Update Item", "id"=>"1"}
  [1m[36mItem Load (0.9ms)[0m  [1m[34mSELECT  "items".* FROM "items" WHERE "items"."id" = $1 LIMIT $2[0m  [["id", 1], ["LIMIT", 1]]
  [1m[35m (0.2ms)[0m  [1m[35mBEGIN[0m
  [1m[35mSQL (0.5ms)[0m  [1m[33mUPDATE "items" SET "serial_number" = $1, "updated_at" = $2 WHERE "items"."id" = $3[0m  [["serial_number", "123456"], ["updated_at", "2018-03-14 19:34:24.485948"], ["id", 1]]
  [1m[35m (5.5ms)[0m  [1m[35mCOMMIT[0m
  Rendering items/show.html.erb within layouts/application
  Rendered items/show.html.erb within layouts/application (0.6ms)
Completed 200 OK in 34ms (Views: 21.3ms | ActiveRecord: 7.1ms)


Started GET "/items" for 127.0.0.1 at 2018-03-14 19:34:26 +0000
Processing by ItemsController#index as HTML
  Rendering items/index.html.erb within layouts/application
  [1m[36mItem Load (0.6ms)[0m  [1m[34mSELECT "items".* FROM "items"[0m
  Rendered items/index.html.erb within layouts/application (6.3ms)
Completed 200 OK in 28ms (Views: 27.2ms | ActiveRecord: 0.6ms)


Started GET "/items" for 127.0.0.1 at 2018-03-14 19:35:08 +0000
Processing by ItemsController#index as HTML
  Rendering items/index.html.erb within layouts/application
  [1m[36mItem Load (0.4ms)[0m  [1m[34mSELECT "items".* FROM "items"[0m
  Rendered items/index.html.erb within layouts/application (2.3ms)
Completed 200 OK in 20ms (Views: 18.9ms | ActiveRecord: 0.4ms)


Started GET "/items/1" for 127.0.0.1 at 2018-03-14 19:35:10 +0000
Processing by ItemsController#show as HTML
  Parameters: {"id"=>"1"}
  [1m[36mItem Load (0.4ms)[0m  [1m[34mSELECT  "items".* FROM "items" WHERE "items"."id" = $1 LIMIT $2[0m  [["id", 1], ["LIMIT", 1]]
  Rendering items/show.html.erb within layouts/application
  Rendered items/show.html.erb within layouts/application (1.1ms)
Completed 200 OK in 36ms (Views: 30.2ms | ActiveRecord: 0.4ms)


Started GET "/items/1" for 127.0.0.1 at 2018-03-14 19:35:12 +0000
Processing by ItemsController#show as HTML
  Parameters: {"id"=>"1"}
  [1m[36mItem Load (0.3ms)[0m  [1m[34mSELECT  "items".* FROM "items" WHERE "items"."id" = $1 LIMIT $2[0m  [["id", 1], ["LIMIT", 1]]
  Rendering items/show.html.erb within layouts/application
  Rendered items/show.html.erb within layouts/application (0.8ms)
Completed 200 OK in 21ms (Views: 17.5ms | ActiveRecord: 0.3ms)


Started GET "/items/1" for 127.0.0.1 at 2018-03-14 19:35:22 +0000
Processing by ItemsController#show as HTML
  Parameters: {"id"=>"1"}
  [1m[36mItem Load (0.3ms)[0m  [1m[34mSELECT  "items".* FROM "items" WHERE "items"."id" = $1 LIMIT $2[0m  [["id", 1], ["LIMIT", 1]]
  Rendering items/show.html.erb within layouts/application
  Rendered items/show.html.erb within layouts/application (1.0ms)
Completed 200 OK in 23ms (Views: 18.8ms | ActiveRecord: 0.3ms)


Started GET "/items" for 127.0.0.1 at 2018-03-14 19:35:24 +0000
Processing by ItemsController#index as HTML
  Rendering items/index.html.erb within layouts/application
  [1m[36mItem Load (0.6ms)[0m  [1m[34mSELECT "items".* FROM "items"[0m
  Rendered items/index.html.erb within layouts/application (8.5ms)
Completed 200 OK in 31ms (Views: 29.5ms | ActiveRecord: 0.6ms)


Started DELETE "/items/1" for 127.0.0.1 at 2018-03-14 19:35:41 +0000
  
AbstractController::ActionNotFound (The action 'destroy' could not be found for ItemsController):
  
actionpack (5.1.5) lib/abstract_controller/base.rb:119:in `process'
actionview (5.1.5) lib/action_view/rendering.rb:30:in `process'
actionpack (5.1.5) lib/action_controller/metal.rb:189:in `dispatch'
actionpack (5.1.5) lib/action_controller/metal.rb:253:in `dispatch'
actionpack (5.1.5) lib/action_dispatch/routing/route_set.rb:49:in `dispatch'
actionpack (5.1.5) lib/action_dispatch/routing/route_set.rb:31:in `serve'
actionpack (5.1.5) lib/action_dispatch/journey/router.rb:50:in `block in serve'
actionpack (5.1.5) lib/action_dispatch/journey/router.rb:33:in `each'
actionpack (5.1.5) lib/action_dispatch/journey/router.rb:33:in `serve'
actionpack (5.1.5) lib/action_dispatch/routing/route_set.rb:844:in `call'
rack (2.0.4) lib/rack/etag.rb:25:in `call'
rack (2.0.4) lib/rack/conditional_get.rb:38:in `call'
rack (2.0.4) lib/rack/head.rb:12:in `call'
rack (2.0.4) lib/rack/session/abstract/id.rb:232:in `context'
rack (2.0.4) lib/rack/session/abstract/id.rb:226:in `call'
actionpack (5.1.5) lib/action_dispatch/middleware/cookies.rb:613:in `call'
activerecord (5.1.5) lib/active_record/migration.rb:556:in `call'
actionpack (5.1.5) lib/action_dispatch/middleware/callbacks.rb:26:in `block in call'
activesupport (5.1.5) lib/active_support/callbacks.rb:97:in `run_callbacks'
actionpack (5.1.5) lib/action_dispatch/middleware/callbacks.rb:24:in `call'
actionpack (5.1.5) lib/action_dispatch/middleware/executor.rb:12:in `call'
actionpack (5.1.5) lib/action_dispatch/middleware/debug_exceptions.rb:59:in `call'
web-console (3.5.1) lib/web_console/middleware.rb:135:in `call_app'
web-console (3.5.1) lib/web_console/middleware.rb:28:in `block in call'
web-console (3.5.1) lib/web_console/middleware.rb:18:in `catch'
web-console (3.5.1) lib/web_console/middleware.rb:18:in `call'
actionpack (5.1.5) lib/action_dispatch/middleware/show_exceptions.rb:31:in `call'
railties (5.1.5) lib/rails/rack/logger.rb:36:in `call_app'
railties (5.1.5) lib/rails/rack/logger.rb:24:in `block in call'
activesupport (5.1.5) lib/active_support/tagged_logging.rb:69:in `block in tagged'
activesupport (5.1.5) lib/active_support/tagged_logging.rb:26:in `tagged'
activesupport (5.1.5) lib/active_support/tagged_logging.rb:69:in `tagged'
railties (5.1.5) lib/rails/rack/logger.rb:24:in `call'
sprockets-rails (3.2.1) lib/sprockets/rails/quiet_assets.rb:13:in `call'
actionpack (5.1.5) lib/action_dispatch/middleware/remote_ip.rb:79:in `call'
actionpack (5.1.5) lib/action_dispatch/middleware/request_id.rb:25:in `call'
rack (2.0.4) lib/rack/method_override.rb:22:in `call'
rack (2.0.4) lib/rack/runtime.rb:22:in `call'
activesupport (5.1.5) lib/active_support/cache/strategy/local_cache_middleware.rb:27:in `call'
actionpack (5.1.5) lib/action_dispatch/middleware/executor.rb:12:in `call'
actionpack (5.1.5) lib/action_dispatch/middleware/static.rb:125:in `call'
rack (2.0.4) lib/rack/sendfile.rb:111:in `call'
railties (5.1.5) lib/rails/engine.rb:522:in `call'
puma (3.11.3) lib/puma/configuration.rb:225:in `call'
puma (3.11.3) lib/puma/server.rb:624:in `handle_request'
puma (3.11.3) lib/puma/server.rb:438:in `process_client'
puma (3.11.3) lib/puma/server.rb:302:in `block in run'
puma (3.11.3) lib/puma/thread_pool.rb:120:in `block in spawn_thread'
Started GET "/" for 127.0.0.1 at 2018-03-14 19:36:29 +0000
Processing by ItemsController#index as HTML
  Rendering items/index.html.erb within layouts/application
  [1m[36mItem Load (0.5ms)[0m  [1m[34mSELECT "items".* FROM "items"[0m
  Rendered items/index.html.erb within layouts/application (9.5ms)
Completed 200 OK in 31ms (Views: 26.9ms | ActiveRecord: 0.5ms)


Started DELETE "/items/1" for 127.0.0.1 at 2018-03-14 19:36:33 +0000
Processing by ItemsController#destroy as HTML
  Parameters: {"authenticity_token"=>"AJwxgOoO8zmDJY70gL0nYWOohClizK2WzZx7hRIwRROah/P2joY5yTo/LGemLJ9PFz32hQOoYlbk3MkFfqvHXw==", "id"=>"1"}
  [1m[36mItem Load (0.3ms)[0m  [1m[34mSELECT  "items".* FROM "items" WHERE "items"."id" = $1 LIMIT $2[0m  [["id", 1], ["LIMIT", 1]]
  [1m[35m (0.2ms)[0m  [1m[35mBEGIN[0m
  [1m[35mSQL (1.0ms)[0m  [1m[31mDELETE FROM "items" WHERE "items"."id" = $1[0m  [["id", 1]]
  [1m[35m (1.5ms)[0m  [1m[35mCOMMIT[0m
  Rendering items/index.html.erb within layouts/application
  Rendered items/index.html.erb within layouts/application (6.7ms)
Completed 500 Internal Server Error in 22ms (ActiveRecord: 3.1ms)


  
ActionView::Template::Error (undefined method `each' for #<Item:0x007fb7c9353cd8>):
    10: 	</thead>
    11: 	<tbody>
    12: 		<tr>
    13: 			<% @item.each do |item|%>
    14: 			<td><%= item.serial_number%></td>
    15: 			<td><%= item.description%></td>
    16: 			<td><%= item.supplier%></td>
  
app/views/items/index.html.erb:13:in `_app_views_items_index_html_erb___4374042194311902906_70213645602480'
app/controllers/items_controller.rb:41:in `destroy'
Started GET "/" for 127.0.0.1 at 2018-03-14 19:38:17 +0000
Processing by ItemsController#index as HTML
  Rendering items/index.html.erb within layouts/application
  [1m[36mItem Load (0.4ms)[0m  [1m[34mSELECT "items".* FROM "items"[0m
  Rendered items/index.html.erb within layouts/application (4.9ms)
Completed 200 OK in 27ms (Views: 20.3ms | ActiveRecord: 2.6ms)


Started GET "/items/new" for 127.0.0.1 at 2018-03-14 19:38:29 +0000
Processing by ItemsController#new as HTML
  Rendering items/new.html.erb within layouts/application
  Rendered items/_form.html.erb (3.2ms)
  Rendered items/new.html.erb within layouts/application (5.8ms)
Completed 200 OK in 46ms (Views: 24.9ms | ActiveRecord: 6.2ms)


Started POST "/items" for 127.0.0.1 at 2018-03-14 19:38:48 +0000
Processing by ItemsController#create as HTML
  Parameters: {"utf8"=>"✓", "authenticity_token"=>"tMMEPtS09utefwx/NszAOmQ1VebyrdkoHVwiV5uF2uQu2MZIsDw8G+dlruwQXXgUEKAnSpPJFug0HJDX9x5YqA==", "item"=>{"serial_number"=>"435453", "description"=>"mouse", "supplier"=>"Apple", "status"=>"not available", "lender"=>"Melinda"}, "commit"=>"Create Item"}
  [1m[35m (0.3ms)[0m  [1m[35mBEGIN[0m
  [1m[35mSQL (0.7ms)[0m  [1m[32mINSERT INTO "items" ("serial_number", "description", "supplier", "status", "lender", "created_at", "updated_at") VALUES ($1, $2, $3, $4, $5, $6, $7) RETURNING "id"[0m  [["serial_number", "435453"], ["description", "mouse"], ["supplier", "Apple"], ["status", "not available"], ["lender", "Melinda"], ["created_at", "2018-03-14 19:38:48.926124"], ["updated_at", "2018-03-14 19:38:48.926124"]]
  [1m[35m (6.1ms)[0m  [1m[35mCOMMIT[0m
Redirected to http://localhost:3000/
Completed 302 Found in 14ms (ActiveRecord: 7.1ms)


Started GET "/" for 127.0.0.1 at 2018-03-14 19:38:48 +0000
Processing by ItemsController#index as HTML
  Rendering items/index.html.erb within layouts/application
  [1m[36mItem Load (0.4ms)[0m  [1m[34mSELECT "items".* FROM "items"[0m
  Rendered items/index.html.erb within layouts/application (2.8ms)
Completed 200 OK in 20ms (Views: 18.7ms | ActiveRecord: 0.4ms)


Started GET "/items/2" for 127.0.0.1 at 2018-03-14 19:38:53 +0000
Processing by ItemsController#show as HTML
  Parameters: {"id"=>"2"}
  [1m[36mItem Load (0.4ms)[0m  [1m[34mSELECT  "items".* FROM "items" WHERE "items"."id" = $1 LIMIT $2[0m  [["id", 2], ["LIMIT", 1]]
  Rendering items/show.html.erb within layouts/application
  Rendered items/show.html.erb within layouts/application (0.9ms)
Completed 200 OK in 32ms (Views: 24.5ms | ActiveRecord: 0.4ms)


Started GET "/items" for 127.0.0.1 at 2018-03-14 19:38:57 +0000
Processing by ItemsController#index as HTML
  Rendering items/index.html.erb within layouts/application
  [1m[36mItem Load (1.9ms)[0m  [1m[34mSELECT "items".* FROM "items"[0m
  Rendered items/index.html.erb within layouts/application (6.4ms)
Completed 200 OK in 30ms (Views: 26.6ms | ActiveRecord: 1.9ms)


Started GET "/items/2/edit" for 127.0.0.1 at 2018-03-14 19:38:59 +0000
Processing by ItemsController#edit as HTML
  Parameters: {"id"=>"2"}
  [1m[36mItem Load (0.3ms)[0m  [1m[34mSELECT  "items".* FROM "items" WHERE "items"."id" = $1 LIMIT $2[0m  [["id", 2], ["LIMIT", 1]]
  Rendering items/edit.html.erb within layouts/application
  Rendered items/_form.html.erb (6.3ms)
  Rendered items/edit.html.erb within layouts/application (10.4ms)
Completed 200 OK in 39ms (Views: 33.7ms | ActiveRecord: 0.3ms)


Started PATCH "/items/2" for 127.0.0.1 at 2018-03-14 19:39:07 +0000
Processing by ItemsController#update as HTML
  Parameters: {"utf8"=>"✓", "authenticity_token"=>"NcRZ49+jPNZ7MsfUpbe46SyKcM0wyh7qVy2zUKBVgKI/H12/MV3caUQIsRoRlJujrw5TiD/7yaIoL4RszRxGwA==", "item"=>{"serial_number"=>"435453", "description"=>"mouse & computer", "supplier"=>"Apple", "status"=>"not available", "lender"=>"Melinda"}, "commit"=>"Update Item", "id"=>"2"}
  [1m[36mItem Load (0.3ms)[0m  [1m[34mSELECT  "items".* FROM "items" WHERE "items"."id" = $1 LIMIT $2[0m  [["id", 2], ["LIMIT", 1]]
  [1m[35m (0.4ms)[0m  [1m[35mBEGIN[0m
  [1m[35mSQL (1.9ms)[0m  [1m[33mUPDATE "items" SET "description" = $1, "updated_at" = $2 WHERE "items"."id" = $3[0m  [["description", "mouse & computer"], ["updated_at", "2018-03-14 19:39:07.121314"], ["id", 2]]
  [1m[35m (6.5ms)[0m  [1m[35mCOMMIT[0m
  Rendering items/show.html.erb within layouts/application
  Rendered items/show.html.erb within layouts/application (0.7ms)
Completed 200 OK in 37ms (Views: 20.7ms | ActiveRecord: 9.0ms)


Started GET "/items" for 127.0.0.1 at 2018-03-14 19:39:10 +0000
Processing by ItemsController#index as HTML
  Rendering items/index.html.erb within layouts/application
  [1m[36mItem Load (0.5ms)[0m  [1m[34mSELECT "items".* FROM "items"[0m
  Rendered items/index.html.erb within layouts/application (4.4ms)
Completed 200 OK in 34ms (Views: 32.4ms | ActiveRecord: 0.5ms)


Started DELETE "/items/2" for 127.0.0.1 at 2018-03-14 19:39:15 +0000
Processing by ItemsController#destroy as HTML
  Parameters: {"authenticity_token"=>"Yj1h5b/0q4EXpABlHJmKtL2WQgF0hLfasSB9yXlX9Lf4JqOT23xhca6+ovY6CDKayQMwrRXgeBqYYM9JFcx2+w==", "id"=>"2"}
  [1m[36mItem Load (0.3ms)[0m  [1m[34mSELECT  "items".* FROM "items" WHERE "items"."id" = $1 LIMIT $2[0m  [["id", 2], ["LIMIT", 1]]
  [1m[35m (0.2ms)[0m  [1m[35mBEGIN[0m
  [1m[35mSQL (0.6ms)[0m  [1m[31mDELETE FROM "items" WHERE "items"."id" = $1[0m  [["id", 2]]
  [1m[35m (1.7ms)[0m  [1m[35mCOMMIT[0m
Redirected to http://localhost:3000/items
Completed 302 Found in 7ms (ActiveRecord: 2.9ms)


Started GET "/items" for 127.0.0.1 at 2018-03-14 19:39:15 +0000
Processing by ItemsController#index as HTML
  Rendering items/index.html.erb within layouts/application
  [1m[36mItem Load (0.4ms)[0m  [1m[34mSELECT "items".* FROM "items"[0m
  Rendered items/index.html.erb within layouts/application (1.9ms)
Completed 200 OK in 20ms (Views: 19.0ms | ActiveRecord: 0.4ms)


Started GET "/items/new" for 127.0.0.1 at 2018-03-14 19:39:20 +0000
Processing by ItemsController#new as HTML
  Rendering items/new.html.erb within layouts/application
  Rendered items/_form.html.erb (2.5ms)
  Rendered items/new.html.erb within layouts/application (5.5ms)
Completed 200 OK in 30ms (Views: 29.1ms | ActiveRecord: 0.0ms)


Started POST "/items" for 127.0.0.1 at 2018-03-14 19:39:30 +0000
Processing by ItemsController#create as HTML
  Parameters: {"utf8"=>"✓", "authenticity_token"=>"JjAuuCU95pH5b/FPP+6O+NoAfWh/6bQYwDrGVWuvzza8K+zOQbUsYUB1U9wZfzbWrpUPxB6Ne9jpenTVBzRNeg==", "item"=>{"serial_number"=>"12345", "description"=>"computer", "supplier"=>"Apple", "status"=>"available", "lender"=>"-"}, "commit"=>"Create Item"}
  [1m[35m (0.4ms)[0m  [1m[35mBEGIN[0m
  [1m[35mSQL (2.5ms)[0m  [1m[32mINSERT INTO "items" ("serial_number", "description", "supplier", "status", "lender", "created_at", "updated_at") VALUES ($1, $2, $3, $4, $5, $6, $7) RETURNING "id"[0m  [["serial_number", "12345"], ["description", "computer"], ["supplier", "Apple"], ["status", "available"], ["lender", "-"], ["created_at", "2018-03-14 19:39:30.271804"], ["updated_at", "2018-03-14 19:39:30.271804"]]
  [1m[35m (6.3ms)[0m  [1m[35mCOMMIT[0m
Redirected to http://localhost:3000/
Completed 302 Found in 15ms (ActiveRecord: 9.1ms)


Started GET "/" for 127.0.0.1 at 2018-03-14 19:39:30 +0000
Processing by ItemsController#index as HTML
  Rendering items/index.html.erb within layouts/application
  [1m[36mItem Load (0.4ms)[0m  [1m[34mSELECT "items".* FROM "items"[0m
  Rendered items/index.html.erb within layouts/application (2.2ms)
Completed 200 OK in 23ms (Views: 21.9ms | ActiveRecord: 0.4ms)


Started GET "/items/new" for 127.0.0.1 at 2018-03-14 19:39:37 +0000
Processing by ItemsController#new as HTML
  Rendering items/new.html.erb within layouts/application
  Rendered items/_form.html.erb (3.6ms)
  Rendered items/new.html.erb within layouts/application (6.1ms)
Completed 200 OK in 25ms (Views: 24.0ms | ActiveRecord: 0.0ms)


Started POST "/items" for 127.0.0.1 at 2018-03-14 19:39:49 +0000
Processing by ItemsController#create as HTML
  Parameters: {"utf8"=>"✓", "authenticity_token"=>"YT2FuNaEhcldtwmof6SLfZZYKSEmiiAawbnyBT2Em+H7JkfOsgxPOeStqztZNTNT4s1bjUfu79ro+UCFUR8ZrQ==", "item"=>{"serial_number"=>"1111", "description"=>"mouse", "supplier"=>"Apple", "status"=>"not available", "lender"=>"Melinda"}, "commit"=>"Create Item"}
  [1m[35m (0.2ms)[0m  [1m[35mBEGIN[0m
  [1m[35mSQL (1.3ms)[0m  [1m[32mINSERT INTO "items" ("serial_number", "description", "supplier", "status", "lender", "created_at", "updated_at") VALUES ($1, $2, $3, $4, $5, $6, $7) RETURNING "id"[0m  [["serial_number", "1111"], ["description", "mouse"], ["supplier", "Apple"], ["status", "not available"], ["lender", "Melinda"], ["created_at", "2018-03-14 19:39:49.322605"], ["updated_at", "2018-03-14 19:39:49.322605"]]
  [1m[35m (6.0ms)[0m  [1m[35mCOMMIT[0m
Redirected to http://localhost:3000/
Completed 302 Found in 12ms (ActiveRecord: 7.5ms)


Started GET "/" for 127.0.0.1 at 2018-03-14 19:39:49 +0000
Processing by ItemsController#index as HTML
  Rendering items/index.html.erb within layouts/application
  [1m[36mItem Load (0.4ms)[0m  [1m[34mSELECT "items".* FROM "items"[0m
  Rendered items/index.html.erb within layouts/application (2.5ms)
Completed 200 OK in 29ms (Views: 28.5ms | ActiveRecord: 0.4ms)


Started GET "/items/3/edit" for 127.0.0.1 at 2018-03-14 19:39:52 +0000
Processing by ItemsController#edit as HTML
  Parameters: {"id"=>"3"}
  [1m[36mItem Load (0.2ms)[0m  [1m[34mSELECT  "items".* FROM "items" WHERE "items"."id" = $1 LIMIT $2[0m  [["id", 3], ["LIMIT", 1]]
  Rendering items/edit.html.erb within layouts/application
  Rendered items/_form.html.erb (2.7ms)
  Rendered items/edit.html.erb within layouts/application (5.5ms)
Completed 200 OK in 33ms (Views: 27.8ms | ActiveRecord: 0.2ms)


Started PATCH "/items/3" for 127.0.0.1 at 2018-03-14 19:39:56 +0000
Processing by ItemsController#update as HTML
  Parameters: {"utf8"=>"✓", "authenticity_token"=>"lcfmhQguMAiiErfwzzj5JVw1R5uaSBEYhIsfaNkAYFYSAHfvzxpjKh6Tv5bElJnEYmBVEE9JSr+Bc8KK8y9udw==", "item"=>{"serial_number"=>"123456", "description"=>"computer", "supplier"=>"Apple", "status"=>"available", "lender"=>"-"}, "commit"=>"Update Item", "id"=>"3"}
  [1m[36mItem Load (0.7ms)[0m  [1m[34mSELECT  "items".* FROM "items" WHERE "items"."id" = $1 LIMIT $2[0m  [["id", 3], ["LIMIT", 1]]
  [1m[35m (0.3ms)[0m  [1m[35mBEGIN[0m
  [1m[35mSQL (0.8ms)[0m  [1m[33mUPDATE "items" SET "serial_number" = $1, "updated_at" = $2 WHERE "items"."id" = $3[0m  [["serial_number", "123456"], ["updated_at", "2018-03-14 19:39:56.951780"], ["id", 3]]
  [1m[35m (5.7ms)[0m  [1m[35mCOMMIT[0m
  Rendering items/show.html.erb within layouts/application
  Rendered items/show.html.erb within layouts/application (0.8ms)
Completed 200 OK in 35ms (Views: 20.7ms | ActiveRecord: 7.5ms)


Started GET "/items" for 127.0.0.1 at 2018-03-14 19:39:58 +0000
Processing by ItemsController#index as HTML
  Rendering items/index.html.erb within layouts/application
  [1m[36mItem Load (1.3ms)[0m  [1m[34mSELECT "items".* FROM "items"[0m
  Rendered items/index.html.erb within layouts/application (6.6ms)
Completed 200 OK in 37ms (Views: 34.8ms | ActiveRecord: 1.3ms)


Started GET "/items" for 127.0.0.1 at 2018-03-14 19:40:41 +0000
Processing by ItemsController#index as HTML
  Rendering items/index.html.erb within layouts/application
  [1m[36mItem Load (0.4ms)[0m  [1m[34mSELECT "items".* FROM "items"[0m
  Rendered items/index.html.erb within layouts/application (2.5ms)
Completed 200 OK in 21ms (Views: 20.0ms | ActiveRecord: 0.4ms)


Started GET "/items" for 127.0.0.1 at 2018-03-14 19:40:59 +0000
Processing by ItemsController#index as HTML
  Rendering items/index.html.erb within layouts/application
  [1m[36mItem Load (0.3ms)[0m  [1m[34mSELECT "items".* FROM "items"[0m
  Rendered items/index.html.erb within layouts/application (2.6ms)
Completed 200 OK in 25ms (Views: 23.3ms | ActiveRecord: 0.3ms)


Started GET "/" for 127.0.0.1 at 2018-03-15 06:53:23 +0000
  [1m[35m (5.4ms)[0m  [1m[34mSELECT "schema_migrations"."version" FROM "schema_migrations" ORDER BY "schema_migrations"."version" ASC[0m
Processing by ItemsController#index as HTML
  Rendering items/index.html.erb within layouts/application
  [1m[36mItem Load (26.9ms)[0m  [1m[34mSELECT "items".* FROM "items"[0m
  Rendered items/index.html.erb within layouts/application (70.1ms)
Completed 200 OK in 363ms (Views: 303.5ms | ActiveRecord: 48.3ms)


Started GET "/items/4/edit" for 127.0.0.1 at 2018-03-15 06:53:32 +0000
Processing by ItemsController#edit as HTML
  Parameters: {"id"=>"4"}
  [1m[36mItem Load (3.5ms)[0m  [1m[34mSELECT  "items".* FROM "items" WHERE "items"."id" = $1 LIMIT $2[0m  [["id", 4], ["LIMIT", 1]]
  Rendering items/edit.html.erb within layouts/application
  Rendered items/_form.html.erb (37.9ms)
  Rendered items/edit.html.erb within layouts/application (41.5ms)
Completed 500 Internal Server Error in 94ms (ActiveRecord: 16.8ms)


  
ActionView::Template::Error (undefined method `@item_id' for #<Item:0x007fb87aea7b00>):
    2: 	<p>
    3: 		<%= f.label :serial_number%><br>
    4: 		<%= f.text_field :serial_number%><br>
    5: 		<%= f.collection_select :@item_id, Item.order(:name),:id,:name, include_blank: true %>
    6: 	</p>
    7: 
    8: 	<p>
  
app/views/items/_form.html.erb:5:in `block in _app_views_items__form_html_erb___2234941409615874008_70215154490280'
app/views/items/_form.html.erb:1:in `_app_views_items__form_html_erb___2234941409615874008_70215154490280'
app/views/items/edit.html.erb:3:in `_app_views_items_edit_html_erb___4571106287223591937_70215156446180'
Started GET "/items/4/edit" for 127.0.0.1 at 2018-03-15 06:53:41 +0000
Processing by ItemsController#edit as HTML
  Parameters: {"id"=>"4"}
  [1m[36mItem Load (0.4ms)[0m  [1m[34mSELECT  "items".* FROM "items" WHERE "items"."id" = $1 LIMIT $2[0m  [["id", 4], ["LIMIT", 1]]
  Rendering items/edit.html.erb within layouts/application
  Rendered items/_form.html.erb (7.9ms)
  Rendered items/edit.html.erb within layouts/application (11.0ms)
Completed 500 Internal Server Error in 20ms (ActiveRecord: 0.4ms)


  
ActionView::Template::Error (undefined method `item_id' for #<Item:0x007fb875076338>):
    2: 	<p>
    3: 		<%= f.label :serial_number%><br>
    4: 		<%= f.text_field :serial_number%><br>
    5: 		<%= f.collection_select :item_id, Item.order(:name),:id,:name, include_blank: true %>
    6: 	</p>
    7: 
    8: 	<p>
  
app/views/items/_form.html.erb:5:in `block in _app_views_items__form_html_erb___2234941409615874008_70215141025620'
app/views/items/_form.html.erb:1:in `_app_views_items__form_html_erb___2234941409615874008_70215141025620'
app/views/items/edit.html.erb:3:in `_app_views_items_edit_html_erb___4571106287223591937_70215107336560'
Started GET "/items/4/edit" for 127.0.0.1 at 2018-03-15 06:53:49 +0000
Processing by ItemsController#edit as HTML
  Parameters: {"id"=>"4"}
  [1m[36mItem Load (0.5ms)[0m  [1m[34mSELECT  "items".* FROM "items" WHERE "items"."id" = $1 LIMIT $2[0m  [["id", 4], ["LIMIT", 1]]
  Rendering items/edit.html.erb within layouts/application
  Rendered items/_form.html.erb (4.0ms)
  Rendered items/edit.html.erb within layouts/application (6.5ms)
Completed 500 Internal Server Error in 18ms (ActiveRecord: 0.5ms)


  
ActionView::Template::Error (undefined method `id' for :item:Symbol):
    2: 	<p>
    3: 		<%= f.label :serial_number%><br>
    4: 		<%= f.text_field :serial_number%><br>
    5: 		<%= f.collection_select :item.id, Item.order(:name),:id,:name, include_blank: true %>
    6: 	</p>
    7: 
    8: 	<p>
  
app/views/items/_form.html.erb:5:in `block in _app_views_items__form_html_erb___2234941409615874008_70215142455520'
app/views/items/_form.html.erb:1:in `_app_views_items__form_html_erb___2234941409615874008_70215142455520'
app/views/items/edit.html.erb:3:in `_app_views_items_edit_html_erb___4571106287223591937_70215142492000'
Started GET "/items/4/edit" for 127.0.0.1 at 2018-03-15 06:53:59 +0000
Processing by ItemsController#edit as HTML
  Parameters: {"id"=>"4"}
  [1m[36mItem Load (0.5ms)[0m  [1m[34mSELECT  "items".* FROM "items" WHERE "items"."id" = $1 LIMIT $2[0m  [["id", 4], ["LIMIT", 1]]
  Rendering items/edit.html.erb within layouts/application
  Rendered items/_form.html.erb (5.5ms)
  Rendered items/edit.html.erb within layouts/application (8.0ms)
Completed 500 Internal Server Error in 19ms (ActiveRecord: 0.5ms)


  
ActionView::Template::Error (undefined method `4' for #<Item:0x007fb8769fdb58>):
    2: 	<p>
    3: 		<%= f.label :serial_number%><br>
    4: 		<%= f.text_field :serial_number%><br>
    5: 		<%= f.collection_select @item.id, Item.order(:name),:id,:name, include_blank: true %>
    6: 	</p>
    7: 
    8: 	<p>
  
app/views/items/_form.html.erb:5:in `block in _app_views_items__form_html_erb___2234941409615874008_70215120413300'
app/views/items/_form.html.erb:1:in `_app_views_items__form_html_erb___2234941409615874008_70215120413300'
app/views/items/edit.html.erb:3:in `_app_views_items_edit_html_erb___4571106287223591937_70215120446560'
Started GET "/items/4/edit" for 127.0.0.1 at 2018-03-15 06:55:48 +0000
Processing by ItemsController#edit as HTML
  Parameters: {"id"=>"4"}
  [1m[36mItem Load (0.5ms)[0m  [1m[34mSELECT  "items".* FROM "items" WHERE "items"."id" = $1 LIMIT $2[0m  [["id", 4], ["LIMIT", 1]]
  Rendering items/edit.html.erb within layouts/application
  Rendered items/_form.html.erb (5.0ms)
  Rendered items/edit.html.erb within layouts/application (7.4ms)
Completed 200 OK in 36ms (Views: 31.7ms | ActiveRecord: 0.5ms)


Started GET "/" for 127.0.0.1 at 2018-03-15 06:55:54 +0000
Processing by ItemsController#index as HTML
  Rendering items/index.html.erb within layouts/application
  [1m[36mItem Load (0.4ms)[0m  [1m[34mSELECT "items".* FROM "items"[0m
  Rendered items/index.html.erb within layouts/application (3.5ms)
Completed 200 OK in 28ms (Views: 24.9ms | ActiveRecord: 0.4ms)


Started GET "/items/new" for 127.0.0.1 at 2018-03-15 06:55:58 +0000
Processing by ItemsController#new as HTML
  Rendering items/new.html.erb within layouts/application
  Rendered items/_form.html.erb (4.0ms)
  Rendered items/new.html.erb within layouts/application (6.9ms)
Completed 200 OK in 32ms (Views: 31.4ms | ActiveRecord: 0.0ms)


Started GET "/items/new" for 127.0.0.1 at 2018-03-15 06:56:10 +0000
Processing by ItemsController#new as HTML
  Rendering items/new.html.erb within layouts/application
  Rendered items/_form.html.erb (2.6ms)
  Rendered items/new.html.erb within layouts/application (5.7ms)
Completed 200 OK in 24ms (Views: 23.7ms | ActiveRecord: 0.0ms)


Started GET "/items/new" for 127.0.0.1 at 2018-03-15 06:58:16 +0000
Processing by ItemsController#new as HTML
  Rendering items/new.html.erb within layouts/application
  Rendered items/_form.html.erb (0.7ms)
  Rendered items/new.html.erb within layouts/application (2.9ms)
Completed 500 Internal Server Error in 9ms (ActiveRecord: 0.0ms)


  
SyntaxError (/Users/tech-a63/Engr7/week5/Day3/homework/Computer_Homework/Item_project/app/views/items/_form.html.erb:31: syntax error, unexpected keyword_ensure, expecting keyword_end
          ensure
                ^):
  
app/views/items/_form.html.erb:31: syntax error, unexpected keyword_ensure, expecting keyword_end
app/views/items/new.html.erb:3:in `_app_views_items_new_html_erb__2936620594631595181_70215162074380'
app/controllers/items_controller.rb:10:in `new'
Started GET "/items/new" for 127.0.0.1 at 2018-03-15 06:59:16 +0000
Processing by ItemsController#new as HTML
  Rendering items/new.html.erb within layouts/application
  Rendered items/_form.html.erb (125.0ms)
  Rendered items/new.html.erb within layouts/application (128.2ms)
Completed 500 Internal Server Error in 135ms (ActiveRecord: 0.0ms)


  
ActionView::Template::Error (undefined method `value' for #<ActionView::Helpers::FormBuilder:0x007fb876461e88>):
    19: 		<%= f.select :status, ['Available', 'Not available']%>
    20: 	</p>
    21: 
    22: 	<% if f.value :status == "Not available"%>
    23: 	<p>
    24: 		<%= f.label :lender%><br>
    25: 		<%= f.text_field :lender%><br>
  
app/views/items/_form.html.erb:22:in `block in _app_views_items__form_html_erb___2234941409615874008_70215117589600'
app/views/items/_form.html.erb:1:in `_app_views_items__form_html_erb___2234941409615874008_70215117589600'
app/views/items/new.html.erb:3:in `_app_views_items_new_html_erb__2936620594631595181_70215117656280'
app/controllers/items_controller.rb:10:in `new'
Started GET "/items/new" for 127.0.0.1 at 2018-03-15 07:02:54 +0000
Processing by ItemsController#new as HTML
  Rendering items/new.html.erb within layouts/application
  Rendered items/_form.html.erb (7.3ms)
  Rendered items/new.html.erb within layouts/application (9.6ms)
Completed 500 Internal Server Error in 16ms (ActiveRecord: 0.0ms)


  
ActionView::Template::Error (undefined method `false' for #<Item:0x007fb87afa6998>):
    19: 		<%= f.select :status, ['Available', 'Not available']%>
    20: 	</p>
    21: 
    22: 	<% if f.select :status == "Not available"%>
    23: 	<p>
    24: 		<%= f.label :lender%><br>
    25: 		<%= f.text_field :lender%><br>
  
app/views/items/_form.html.erb:22:in `block in _app_views_items__form_html_erb___2234941409615874008_70215157002560'
app/views/items/_form.html.erb:1:in `_app_views_items__form_html_erb___2234941409615874008_70215157002560'
app/views/items/new.html.erb:3:in `_app_views_items_new_html_erb__2936620594631595181_70215156967080'
app/controllers/items_controller.rb:10:in `new'
Started GET "/items/new" for 127.0.0.1 at 2018-03-15 07:05:47 +0000
Processing by ItemsController#new as HTML
  Rendering items/new.html.erb within layouts/application
  Rendered items/_form.html.erb (1.0ms)
  Rendered items/new.html.erb within layouts/application (4.4ms)
Completed 500 Internal Server Error in 11ms (ActiveRecord: 0.0ms)


  
SyntaxError (/Users/tech-a63/Engr7/week5/Day3/homework/Computer_Homework/Item_project/app/views/items/_form.html.erb:23: syntax error, unexpected ')'
ude?('Not available') ? "" : );@output_buffer.safe_append='
                              ^
/Users/tech-a63/Engr7/week5/Day3/homework/Computer_Homework/Item_project/app/views/items/_form.html.erb:30: syntax error, unexpected keyword_end, expecting ')'
'.freeze; end 
             ^
/Users/tech-a63/Engr7/week5/Day3/homework/Computer_Homework/Item_project/app/views/items/_form.html.erb:32: syntax error, unexpected keyword_ensure, expecting ')'
          ensure
                ^
/Users/tech-a63/Engr7/week5/Day3/homework/Computer_Homework/Item_project/app/views/items/_form.html.erb:34: syntax error, unexpected keyword_end, expecting ')'
          end
             ^):
  
app/views/items/_form.html.erb:23: syntax error, unexpected ')'
app/views/items/_form.html.erb:30: syntax error, unexpected keyword_end, expecting ')'
app/views/items/_form.html.erb:32: syntax error, unexpected keyword_ensure, expecting ')'
app/views/items/_form.html.erb:34: syntax error, unexpected keyword_end, expecting ')'
app/views/items/new.html.erb:3:in `_app_views_items_new_html_erb__2936620594631595181_70215129812780'
app/controllers/items_controller.rb:10:in `new'
Started GET "/items/new" for 127.0.0.1 at 2018-03-15 07:06:28 +0000
Processing by ItemsController#new as HTML
  Rendering items/new.html.erb within layouts/application
  Rendered items/_form.html.erb (0.8ms)
  Rendered items/new.html.erb within layouts/application (3.3ms)
Completed 500 Internal Server Error in 11ms (ActiveRecord: 0.0ms)


  
SyntaxError (/Users/tech-a63/Engr7/week5/Day3/homework/Computer_Homework/Item_project/app/views/items/_form.html.erb:23: syntax error, unexpected tSYMBEG, expecting ')'
t available') ? "" : f.label :lender  f.text_field :lender);
                              ^
/Users/tech-a63/Engr7/week5/Day3/homework/Computer_Homework/Item_project/app/views/items/_form.html.erb:32: syntax error, unexpected keyword_ensure, expecting keyword_end
          ensure
                ^):
  
app/views/items/_form.html.erb:23: syntax error, unexpected tSYMBEG, expecting ')'
app/views/items/_form.html.erb:32: syntax error, unexpected keyword_ensure, expecting keyword_end
app/views/items/new.html.erb:3:in `_app_views_items_new_html_erb__2936620594631595181_70215162289820'
app/controllers/items_controller.rb:10:in `new'
Started GET "/items/new" for 127.0.0.1 at 2018-03-15 07:06:38 +0000
Processing by ItemsController#new as HTML
  Rendering items/new.html.erb within layouts/application
  Rendered items/_form.html.erb (1.0ms)
  Rendered items/new.html.erb within layouts/application (3.6ms)
Completed 500 Internal Server Error in 12ms (ActiveRecord: 0.0ms)


  
SyntaxError (/Users/tech-a63/Engr7/week5/Day3/homework/Computer_Homework/Item_project/app/views/items/_form.html.erb:23: syntax error, unexpected tSYMBEG, expecting ')'
t available') ? "" : f.label :lender );@output_buffer.safe_a
                              ^
/Users/tech-a63/Engr7/week5/Day3/homework/Computer_Homework/Item_project/app/views/items/_form.html.erb:32: syntax error, unexpected keyword_ensure, expecting keyword_end
          ensure
                ^):
  
app/views/items/_form.html.erb:23: syntax error, unexpected tSYMBEG, expecting ')'
app/views/items/_form.html.erb:32: syntax error, unexpected keyword_ensure, expecting keyword_end
app/views/items/new.html.erb:3:in `_app_views_items_new_html_erb__2936620594631595181_70215117790480'
app/controllers/items_controller.rb:10:in `new'
Started GET "/items/new" for 127.0.0.1 at 2018-03-15 07:07:51 +0000
Processing by ItemsController#new as HTML
  Rendering items/new.html.erb within layouts/application
  Rendered items/_form.html.erb (2.4ms)
  Rendered items/new.html.erb within layouts/application (4.9ms)
Completed 200 OK in 22ms (Views: 21.3ms | ActiveRecord: 0.0ms)


Started GET "/items" for 127.0.0.1 at 2018-03-15 07:08:02 +0000
Processing by ItemsController#index as HTML
  Rendering items/index.html.erb within layouts/application
  [1m[36mItem Load (0.5ms)[0m  [1m[34mSELECT "items".* FROM "items"[0m
  Rendered items/index.html.erb within layouts/application (5.9ms)
Completed 200 OK in 32ms (Views: 30.8ms | ActiveRecord: 0.5ms)


Started GET "/items" for 127.0.0.1 at 2018-03-15 07:09:37 +0000
Processing by ItemsController#index as HTML
  Rendering items/index.html.erb within layouts/application
  [1m[36mItem Load (0.5ms)[0m  [1m[34mSELECT "items".* FROM "items"[0m
  Rendered items/index.html.erb within layouts/application (3.3ms)
Completed 200 OK in 23ms (Views: 21.9ms | ActiveRecord: 0.5ms)


Started GET "/items" for 127.0.0.1 at 2018-03-15 07:11:22 +0000
Processing by ItemsController#index as HTML
  Rendering items/index.html.erb within layouts/application
  [1m[36mItem Load (0.3ms)[0m  [1m[34mSELECT "items".* FROM "items"[0m
  Rendered items/index.html.erb within layouts/application (2.2ms)
Completed 200 OK in 21ms (Views: 20.0ms | ActiveRecord: 0.3ms)


Started GET "/items/new" for 127.0.0.1 at 2018-03-15 07:14:11 +0000
Processing by ItemsController#new as HTML
  Rendering items/new.html.erb within layouts/application
  Rendered items/_form.html.erb (3.1ms)
  Rendered items/new.html.erb within layouts/application (5.7ms)
Completed 200 OK in 61ms (Views: 60.8ms | ActiveRecord: 0.0ms)


Started GET "/items/new" for 127.0.0.1 at 2018-03-15 07:14:33 +0000
Processing by ItemsController#new as HTML
  Rendering items/new.html.erb within layouts/application
  Rendered items/_form.html.erb (2.4ms)
  Rendered items/new.html.erb within layouts/application (4.9ms)
Completed 200 OK in 43ms (Views: 42.4ms | ActiveRecord: 0.0ms)


Started GET "/items/new" for 127.0.0.1 at 2018-03-15 07:17:45 +0000
Processing by ItemsController#new as HTML
  Rendering items/new.html.erb within layouts/application
  Rendered items/_form.html.erb (2.3ms)
  Rendered items/new.html.erb within layouts/application (4.7ms)
Completed 500 Internal Server Error in 424ms (ActiveRecord: 0.0ms)


  
ActionView::Template::Error (SyntaxError: [stdin]:5:1: unexpected if):
     5:     <%= csrf_meta_tags %>
     6: 
     7:     <%= stylesheet_link_tag    'application', media: 'all', 'data-turbolinks-track': 'reload' %>
     8:     <%= javascript_include_tag 'application', 'data-turbolinks-track': 'reload' %>
     9:   </head>
    10: 
    11:   <body>
  
(execjs):7539:8
(execjs):7545:14
app/views/layouts/application.html.erb:8:in `_app_views_layouts_application_html_erb___3940419817663139638_70215162825480'
app/controllers/items_controller.rb:10:in `new'
Started GET "/items/new" for 127.0.0.1 at 2018-03-15 08:07:22 +0000
Processing by ItemsController#new as HTML
  Rendering items/new.html.erb within layouts/application
  Rendered items/_form.html.erb (5.4ms)
  Rendered items/new.html.erb within layouts/application (9.4ms)
Completed 200 OK in 365ms (Views: 364.2ms | ActiveRecord: 0.0ms)


Started GET "/" for 127.0.0.1 at 2018-03-15 08:07:34 +0000
Processing by ItemsController#index as HTML
  Rendering items/index.html.erb within layouts/application
  [1m[36mItem Load (0.4ms)[0m  [1m[34mSELECT "items".* FROM "items"[0m
  Rendered items/index.html.erb within layouts/application (3.2ms)
Completed 200 OK in 33ms (Views: 31.9ms | ActiveRecord: 0.4ms)


Started GET "/items/4/edit" for 127.0.0.1 at 2018-03-15 08:07:37 +0000
Processing by ItemsController#edit as HTML
  Parameters: {"id"=>"4"}
  [1m[36mItem Load (0.4ms)[0m  [1m[34mSELECT  "items".* FROM "items" WHERE "items"."id" = $1 LIMIT $2[0m  [["id", 4], ["LIMIT", 1]]
  Rendering items/edit.html.erb within layouts/application
  Rendered items/_form.html.erb (3.8ms)
  Rendered items/edit.html.erb within layouts/application (8.2ms)
Completed 200 OK in 42ms (Views: 33.5ms | ActiveRecord: 0.4ms)


Started GET "/items/new" for 127.0.0.1 at 2018-03-15 08:07:44 +0000
Processing by ItemsController#new as HTML
  Rendering items/new.html.erb within layouts/application
  Rendered items/_form.html.erb (4.0ms)
  Rendered items/new.html.erb within layouts/application (7.1ms)
Completed 200 OK in 34ms (Views: 33.6ms | ActiveRecord: 0.0ms)


Started GET "/items/new" for 127.0.0.1 at 2018-03-15 08:08:20 +0000
Processing by ItemsController#new as HTML
  Rendering items/new.html.erb within layouts/application
  Rendered items/_form.html.erb (3.4ms)
  Rendered items/new.html.erb within layouts/application (6.6ms)
Completed 200 OK in 233ms (Views: 232.6ms | ActiveRecord: 0.0ms)


Started GET "/items/new" for 127.0.0.1 at 2018-03-15 08:09:48 +0000
Processing by ItemsController#new as HTML
  Rendering items/new.html.erb within layouts/application
  Rendered items/_form.html.erb (3.4ms)
  Rendered items/new.html.erb within layouts/application (7.4ms)
Completed 200 OK in 229ms (Views: 228.0ms | ActiveRecord: 0.0ms)


Started GET "/items/new" for 127.0.0.1 at 2018-03-15 08:10:58 +0000
Processing by ItemsController#new as HTML
  Rendering items/new.html.erb within layouts/application
  Rendered items/_form.html.erb (3.1ms)
  Rendered items/new.html.erb within layouts/application (6.0ms)
Completed 200 OK in 234ms (Views: 233.0ms | ActiveRecord: 0.0ms)


Started GET "/" for 127.0.0.1 at 2018-03-15 08:12:32 +0000
Processing by ItemsController#index as HTML
  Rendering items/index.html.erb within layouts/application
  [1m[36mItem Load (0.4ms)[0m  [1m[34mSELECT "items".* FROM "items"[0m
  Rendered items/index.html.erb within layouts/application (3.3ms)
Completed 200 OK in 64ms (Views: 63.3ms | ActiveRecord: 0.4ms)


Started GET "/" for 127.0.0.1 at 2018-03-15 08:16:53 +0000
  [1m[35m (0.9ms)[0m  [1m[34mSELECT "schema_migrations"."version" FROM "schema_migrations" ORDER BY "schema_migrations"."version" ASC[0m
Processing by ItemsController#index as HTML
  Rendering items/index.html.erb within layouts/application
  [1m[36mItem Load (0.9ms)[0m  [1m[34mSELECT "items".* FROM "items"[0m
  Rendered items/index.html.erb within layouts/application (26.8ms)
Completed 500 Internal Server Error in 477ms (ActiveRecord: 7.8ms)


  
ActionView::Template::Error (undefined method `erb' for #<#<Class:0x007fefbdd9c1a0>:0x007fefbc436828>):
     9:   </head>
    10: 
    11:   <body>
    12:   	<%= erb(:'partials/navigation', :layout => false) %>
    13:     <%= yield %>
    14:   </body>
    15: </html>
  
app/views/layouts/application.html.erb:12:in `_app_views_layouts_application_html_erb___2636290040907832259_70333829420280'
app/controllers/items_controller.rb:5:in `index'
Started GET "/" for 127.0.0.1 at 2018-03-15 08:17:30 +0000
Processing by ItemsController#index as HTML
  Rendering items/index.html.erb within layouts/application
  [1m[36mItem Load (1.0ms)[0m  [1m[34mSELECT "items".* FROM "items"[0m
  Rendered items/index.html.erb within layouts/application (20.5ms)
Completed 500 Internal Server Error in 56ms (ActiveRecord: 9.9ms)


  
ActionView::Template::Error (':"partials/navigation"' is not an ActiveModel-compatible object. It must implement :to_partial_path.):
     9:   </head>
    10: 
    11:   <body>
    12:   	<%= render(:'partials/navigation', :layout => false) %>
    13:     <%= yield %>
    14:   </body>
    15: </html>
  
app/views/layouts/application.html.erb:12:in `_app_views_layouts_application_html_erb___2636290040907832259_70333853911960'
app/controllers/items_controller.rb:5:in `index'
Started GET "/" for 127.0.0.1 at 2018-03-15 08:19:27 +0000
Processing by ItemsController#index as HTML
  Rendering items/index.html.erb within layouts/application
  [1m[36mItem Load (0.4ms)[0m  [1m[34mSELECT "items".* FROM "items"[0m
  Rendered items/index.html.erb within layouts/application (2.4ms)
Completed 200 OK in 20ms (Views: 19.2ms | ActiveRecord: 0.4ms)


Started GET "/new" for 127.0.0.1 at 2018-03-15 08:19:30 +0000
  
ActionController::RoutingError (No route matches [GET] "/new"):
  
actionpack (5.1.5) lib/action_dispatch/middleware/debug_exceptions.rb:63:in `call'
web-console (3.5.1) lib/web_console/middleware.rb:135:in `call_app'
web-console (3.5.1) lib/web_console/middleware.rb:28:in `block in call'
web-console (3.5.1) lib/web_console/middleware.rb:18:in `catch'
web-console (3.5.1) lib/web_console/middleware.rb:18:in `call'
actionpack (5.1.5) lib/action_dispatch/middleware/show_exceptions.rb:31:in `call'
railties (5.1.5) lib/rails/rack/logger.rb:36:in `call_app'
railties (5.1.5) lib/rails/rack/logger.rb:24:in `block in call'
activesupport (5.1.5) lib/active_support/tagged_logging.rb:69:in `block in tagged'
activesupport (5.1.5) lib/active_support/tagged_logging.rb:26:in `tagged'
activesupport (5.1.5) lib/active_support/tagged_logging.rb:69:in `tagged'
railties (5.1.5) lib/rails/rack/logger.rb:24:in `call'
sprockets-rails (3.2.1) lib/sprockets/rails/quiet_assets.rb:13:in `call'
actionpack (5.1.5) lib/action_dispatch/middleware/remote_ip.rb:79:in `call'
actionpack (5.1.5) lib/action_dispatch/middleware/request_id.rb:25:in `call'
rack (2.0.4) lib/rack/method_override.rb:22:in `call'
rack (2.0.4) lib/rack/runtime.rb:22:in `call'
activesupport (5.1.5) lib/active_support/cache/strategy/local_cache_middleware.rb:27:in `call'
actionpack (5.1.5) lib/action_dispatch/middleware/executor.rb:12:in `call'
actionpack (5.1.5) lib/action_dispatch/middleware/static.rb:125:in `call'
rack (2.0.4) lib/rack/sendfile.rb:111:in `call'
railties (5.1.5) lib/rails/engine.rb:522:in `call'
puma (3.11.3) lib/puma/configuration.rb:225:in `call'
puma (3.11.3) lib/puma/server.rb:624:in `handle_request'
puma (3.11.3) lib/puma/server.rb:438:in `process_client'
puma (3.11.3) lib/puma/server.rb:302:in `block in run'
puma (3.11.3) lib/puma/thread_pool.rb:120:in `block in spawn_thread'
Started GET "/new" for 127.0.0.1 at 2018-03-15 08:20:13 +0000
Processing by ItemsController#new as HTML
  Rendering items/new.html.erb within layouts/application
  Rendered items/_form.html.erb (26.2ms)
  Rendered items/new.html.erb within layouts/application (28.8ms)
Completed 200 OK in 69ms (Views: 49.7ms | ActiveRecord: 6.9ms)


Started GET "/" for 127.0.0.1 at 2018-03-15 08:20:15 +0000
Processing by ItemsController#index as HTML
  Rendering items/index.html.erb within layouts/application
  [1m[36mItem Load (0.4ms)[0m  [1m[34mSELECT "items".* FROM "items"[0m
  Rendered items/index.html.erb within layouts/application (6.3ms)
Completed 200 OK in 34ms (Views: 32.5ms | ActiveRecord: 0.4ms)


Started GET "/new" for 127.0.0.1 at 2018-03-15 08:20:18 +0000
Processing by ItemsController#new as HTML
  Rendering items/new.html.erb within layouts/application
  Rendered items/_form.html.erb (4.5ms)
  Rendered items/new.html.erb within layouts/application (9.9ms)
Completed 200 OK in 47ms (Views: 45.4ms | ActiveRecord: 0.0ms)


Started POST "/items" for 127.0.0.1 at 2018-03-15 08:20:49 +0000
Processing by ItemsController#create as HTML
  Parameters: {"utf8"=>"✓", "authenticity_token"=>"dq90SuwJUBRDuUbNgA++qI6drcxi87RwHDv22dtvgBGtEJ7EdtoxR/nBSi2Y/qvI0KLbE42bDYDZf36ZeMM3mQ==", "item"=>{"serial_number"=>"hg-89798", "description"=>"Cable", "supplier"=>"Microsoft", "status"=>"Not available", "lender"=>"Susie"}, "commit"=>"Create Item"}
  [1m[35m (11.8ms)[0m  [1m[35mBEGIN[0m
  [1m[35mSQL (22.9ms)[0m  [1m[32mINSERT INTO "items" ("serial_number", "description", "supplier", "status", "lender", "created_at", "updated_at") VALUES ($1, $2, $3, $4, $5, $6, $7) RETURNING "id"[0m  [["serial_number", "hg-89798"], ["description", "Cable"], ["supplier", "Microsoft"], ["status", "Not available"], ["lender", "Susie"], ["created_at", "2018-03-15 08:20:49.958112"], ["updated_at", "2018-03-15 08:20:49.958112"]]
  [1m[35m (1.9ms)[0m  [1m[35mCOMMIT[0m
Redirected to http://localhost:3000/
Completed 302 Found in 43ms (ActiveRecord: 36.6ms)


Started GET "/" for 127.0.0.1 at 2018-03-15 08:20:49 +0000
Processing by ItemsController#index as HTML
  Rendering items/index.html.erb within layouts/application
  [1m[36mItem Load (0.4ms)[0m  [1m[34mSELECT "items".* FROM "items"[0m
  Rendered items/index.html.erb within layouts/application (3.3ms)
Completed 200 OK in 28ms (Views: 26.8ms | ActiveRecord: 0.4ms)


Started GET "/items/5" for 127.0.0.1 at 2018-03-15 08:20:52 +0000
Processing by ItemsController#show as HTML
  Parameters: {"id"=>"5"}
  [1m[36mItem Load (1.7ms)[0m  [1m[34mSELECT  "items".* FROM "items" WHERE "items"."id" = $1 LIMIT $2[0m  [["id", 5], ["LIMIT", 1]]
  Rendering items/show.html.erb within layouts/application
  Rendered items/show.html.erb within layouts/application (0.9ms)
Completed 200 OK in 46ms (Views: 35.0ms | ActiveRecord: 2.0ms)


Started GET "/items" for 127.0.0.1 at 2018-03-15 08:20:57 +0000
Processing by ItemsController#index as HTML
  Rendering items/index.html.erb within layouts/application
  [1m[36mItem Load (1.7ms)[0m  [1m[34mSELECT "items".* FROM "items"[0m
  Rendered items/index.html.erb within layouts/application (7.7ms)
Completed 200 OK in 34ms (Views: 32.1ms | ActiveRecord: 1.7ms)


Started GET "/items" for 127.0.0.1 at 2018-03-15 08:22:46 +0000
Processing by ItemsController#index as HTML
  Rendering items/index.html.erb within layouts/application
  [1m[36mItem Load (0.4ms)[0m  [1m[34mSELECT "items".* FROM "items"[0m
  Rendered items/index.html.erb within layouts/application (18.1ms)
Completed 200 OK in 41ms (Views: 29.0ms | ActiveRecord: 7.9ms)


Started GET "/items/new" for 127.0.0.1 at 2018-03-15 08:22:48 +0000
Processing by ItemsController#new as HTML
  Rendering items/new.html.erb within layouts/application
  Rendered items/_form.html.erb (5.0ms)
  Rendered items/new.html.erb within layouts/application (9.6ms)
Completed 200 OK in 33ms (Views: 32.6ms | ActiveRecord: 0.0ms)


Started GET "/" for 127.0.0.1 at 2018-03-15 08:22:49 +0000
Processing by ItemsController#index as HTML
  Rendering items/index.html.erb within layouts/application
  [1m[36mItem Load (0.5ms)[0m  [1m[34mSELECT "items".* FROM "items"[0m
  Rendered items/index.html.erb within layouts/application (7.7ms)
Completed 200 OK in 38ms (Views: 36.5ms | ActiveRecord: 0.5ms)


Started GET "/" for 127.0.0.1 at 2018-03-15 08:23:21 +0000
Processing by ItemsController#index as HTML
  Rendering items/index.html.erb within layouts/application
  [1m[36mItem Load (0.4ms)[0m  [1m[34mSELECT "items".* FROM "items"[0m
  Rendered items/index.html.erb within layouts/application (2.5ms)
Completed 200 OK in 19ms (Views: 18.2ms | ActiveRecord: 0.4ms)


Started GET "/items/new" for 127.0.0.1 at 2018-03-15 08:30:15 +0000
Processing by ItemsController#new as HTML
  Rendering items/new.html.erb within layouts/application
  Rendered items/_form.html.erb (4.5ms)
  Rendered items/new.html.erb within layouts/application (9.8ms)
Completed 200 OK in 33ms (Views: 32.8ms | ActiveRecord: 0.0ms)


Started POST "/items" for 127.0.0.1 at 2018-03-15 08:30:38 +0000
Processing by ItemsController#create as HTML
  Parameters: {"utf8"=>"✓", "authenticity_token"=>"WqlrniqOYV3aokVyF5BLZvCoBc7vEDQUV8HzqALIEeGBFoEQsF0ADmDaSZIPYV4GrpdzEQB4jeSShXvooWSmaQ==", "item"=>{"serial_number"=>"5345345", "description"=>"Apple Pro Computer", "supplier"=>"Apple", "status"=>"Available", "lender"=>""}, "commit"=>"Create Item"}
  [1m[35m (2.8ms)[0m  [1m[35mBEGIN[0m
  [1m[35mSQL (1.0ms)[0m  [1m[32mINSERT INTO "items" ("serial_number", "description", "supplier", "status", "lender", "created_at", "updated_at") VALUES ($1, $2, $3, $4, $5, $6, $7) RETURNING "id"[0m  [["serial_number", "5345345"], ["description", "Apple Pro Computer"], ["supplier", "Apple"], ["status", "Available"], ["lender", ""], ["created_at", "2018-03-15 08:30:38.883491"], ["updated_at", "2018-03-15 08:30:38.883491"]]
  [1m[35m (6.1ms)[0m  [1m[35mCOMMIT[0m
Redirected to http://localhost:3000/
Completed 302 Found in 17ms (ActiveRecord: 9.9ms)


Started GET "/" for 127.0.0.1 at 2018-03-15 08:30:38 +0000
Processing by ItemsController#index as HTML
  Rendering items/index.html.erb within layouts/application
  [1m[36mItem Load (0.4ms)[0m  [1m[34mSELECT "items".* FROM "items"[0m
  Rendered items/index.html.erb within layouts/application (2.7ms)
Completed 200 OK in 21ms (Views: 19.8ms | ActiveRecord: 0.4ms)


